Device: cuda
============ Train epoch 0 ============
 MNIST      | Train Loss: 2.1386 | Train Acc: 0.1292
 SVHN       | Train Loss: 2.2446 | Train Acc: 0.2086
 USPS       | Train Loss: 2.1103 | Train Acc: 0.3769
 SynthDigits| Train Loss: 2.2265 | Train Acc: 0.1911
 MNIST-M    | Train Loss: 2.1666 | Train Acc: 0.2624
 MNIST      | Test  Loss: 2.1753 | Test  Acc: 0.1134
 SVHN       | Test  Loss: 2.2582 | Test  Acc: 0.1672
 USPS       | Test  Loss: 2.1154 | Test  Acc: 0.3656
 SynthDigits| Test  Loss: 2.2550 | Test  Acc: 0.1599
 MNIST-M    | Test  Loss: 2.1925 | Test  Acc: 0.2356
============ Train epoch 1 ============
 MNIST      | Train Loss: 1.3574 | Train Acc: 0.5451
 SVHN       | Train Loss: 1.9071 | Train Acc: 0.4334
 USPS       | Train Loss: 0.9729 | Train Acc: 0.8775
 SynthDigits| Train Loss: 1.6314 | Train Acc: 0.5747
 MNIST-M    | Train Loss: 1.4463 | Train Acc: 0.6124
 MNIST      | Test  Loss: 1.4463 | Test  Acc: 0.5320
 SVHN       | Test  Loss: 2.0311 | Test  Acc: 0.3300
 USPS       | Test  Loss: 1.0199 | Test  Acc: 0.8527
 SynthDigits| Test  Loss: 1.8165 | Test  Acc: 0.4444
 MNIST-M    | Test  Loss: 1.6803 | Test  Acc: 0.4553
============ Train epoch 2 ============
 MNIST      | Train Loss: 0.8272 | Train Acc: 0.7793
 SVHN       | Train Loss: 1.5819 | Train Acc: 0.5532
 USPS       | Train Loss: 0.5727 | Train Acc: 0.9139
 SynthDigits| Train Loss: 1.2824 | Train Acc: 0.6312
 MNIST-M    | Train Loss: 1.0676 | Train Acc: 0.7577
 MNIST      | Test  Loss: 0.9046 | Test  Acc: 0.7540
 SVHN       | Test  Loss: 1.8157 | Test  Acc: 0.4078
 USPS       | Test  Loss: 0.6053 | Test  Acc: 0.9000
 SynthDigits| Test  Loss: 1.5336 | Test  Acc: 0.5060
 MNIST-M    | Test  Loss: 1.3693 | Test  Acc: 0.5816
============ Train epoch 3 ============
 MNIST      | Train Loss: 0.4954 | Train Acc: 0.9260
 SVHN       | Train Loss: 1.3238 | Train Acc: 0.7187
 USPS       | Train Loss: 0.3981 | Train Acc: 0.9354
 SynthDigits| Train Loss: 0.9511 | Train Acc: 0.7766
 MNIST-M    | Train Loss: 0.8545 | Train Acc: 0.8385
 MNIST      | Test  Loss: 0.6109 | Test  Acc: 0.8819
 SVHN       | Test  Loss: 1.6133 | Test  Acc: 0.5174
 USPS       | Test  Loss: 0.4519 | Test  Acc: 0.9204
 SynthDigits| Test  Loss: 1.2714 | Test  Acc: 0.6155
 MNIST-M    | Test  Loss: 1.2209 | Test  Acc: 0.6376
============ Train epoch 4 ============
 MNIST      | Train Loss: 0.3620 | Train Acc: 0.9556
 SVHN       | Train Loss: 1.3008 | Train Acc: 0.6406
 USPS       | Train Loss: 0.3171 | Train Acc: 0.9556
 SynthDigits| Train Loss: 0.7909 | Train Acc: 0.8371
 MNIST-M    | Train Loss: 0.7066 | Train Acc: 0.8829
 MNIST      | Test  Loss: 0.4849 | Test  Acc: 0.9118
 SVHN       | Test  Loss: 1.6176 | Test  Acc: 0.4781
 USPS       | Test  Loss: 0.3722 | Test  Acc: 0.9344
 SynthDigits| Test  Loss: 1.1507 | Test  Acc: 0.6532
 MNIST-M    | Test  Loss: 1.1122 | Test  Acc: 0.6665
============ Train epoch 5 ============
 MNIST      | Train Loss: 0.2926 | Train Acc: 0.9637
 SVHN       | Train Loss: 1.0029 | Train Acc: 0.8035
 USPS       | Train Loss: 0.2488 | Train Acc: 0.9542
 SynthDigits| Train Loss: 0.6071 | Train Acc: 0.9058
 MNIST-M    | Train Loss: 0.5806 | Train Acc: 0.9448
 MNIST      | Test  Loss: 0.4244 | Test  Acc: 0.9144
 SVHN       | Test  Loss: 1.4104 | Test  Acc: 0.5685
 USPS       | Test  Loss: 0.3187 | Test  Acc: 0.9328
 SynthDigits| Test  Loss: 0.9863 | Test  Acc: 0.7099
 MNIST-M    | Test  Loss: 1.0347 | Test  Acc: 0.6942
============ Train epoch 6 ============
 MNIST      | Train Loss: 0.1836 | Train Acc: 0.9919
 SVHN       | Train Loss: 0.8176 | Train Acc: 0.8439
 USPS       | Train Loss: 0.2198 | Train Acc: 0.9690
 SynthDigits| Train Loss: 0.5142 | Train Acc: 0.9394
 MNIST-M    | Train Loss: 0.5068 | Train Acc: 0.9569
 MNIST      | Test  Loss: 0.3125 | Test  Acc: 0.9384
 SVHN       | Test  Loss: 1.2986 | Test  Acc: 0.6020
 USPS       | Test  Loss: 0.2912 | Test  Acc: 0.9387
 SynthDigits| Test  Loss: 0.9202 | Test  Acc: 0.7327
 MNIST-M    | Test  Loss: 0.9776 | Test  Acc: 0.7179
============ Train epoch 7 ============
 MNIST      | Train Loss: 0.1365 | Train Acc: 0.9960
 SVHN       | Train Loss: 0.7854 | Train Acc: 0.8681
 USPS       | Train Loss: 0.1709 | Train Acc: 0.9650
 SynthDigits| Train Loss: 0.4907 | Train Acc: 0.9192
 MNIST-M    | Train Loss: 0.5109 | Train Acc: 0.9273
 MNIST      | Test  Loss: 0.2602 | Test  Acc: 0.9499
 SVHN       | Test  Loss: 1.3017 | Test  Acc: 0.5945
 USPS       | Test  Loss: 0.2543 | Test  Acc: 0.9435
 SynthDigits| Test  Loss: 0.9205 | Test  Acc: 0.7222
 MNIST-M    | Test  Loss: 1.0133 | Test  Acc: 0.6904
============ Train epoch 8 ============
 MNIST      | Train Loss: 0.1653 | Train Acc: 0.9879
 SVHN       | Train Loss: 0.6837 | Train Acc: 0.8937
 USPS       | Train Loss: 0.1646 | Train Acc: 0.9812
 SynthDigits| Train Loss: 0.3314 | Train Acc: 0.9717
 MNIST-M    | Train Loss: 0.3856 | Train Acc: 0.9637
 MNIST      | Test  Loss: 0.3069 | Test  Acc: 0.9276
 SVHN       | Test  Loss: 1.2311 | Test  Acc: 0.6172
 USPS       | Test  Loss: 0.2564 | Test  Acc: 0.9403
 SynthDigits| Test  Loss: 0.7950 | Test  Acc: 0.7646
 MNIST-M    | Test  Loss: 0.9451 | Test  Acc: 0.7007
============ Train epoch 9 ============
 MNIST      | Train Loss: 0.1222 | Train Acc: 0.9879
 SVHN       | Train Loss: 0.5597 | Train Acc: 0.9260
 USPS       | Train Loss: 0.1235 | Train Acc: 0.9812
 SynthDigits| Train Loss: 0.2957 | Train Acc: 0.9717
 MNIST-M    | Train Loss: 0.3159 | Train Acc: 0.9825
 MNIST      | Test  Loss: 0.2524 | Test  Acc: 0.9371
 SVHN       | Test  Loss: 1.1615 | Test  Acc: 0.6458
 USPS       | Test  Loss: 0.2109 | Test  Acc: 0.9435
 SynthDigits| Test  Loss: 0.7684 | Test  Acc: 0.7687
 MNIST-M    | Test  Loss: 0.8649 | Test  Acc: 0.7349
============ Train epoch 10 ============
 MNIST      | Train Loss: 0.0746 | Train Acc: 1.0000
 SVHN       | Train Loss: 0.4974 | Train Acc: 0.9219
 USPS       | Train Loss: 0.1051 | Train Acc: 0.9933
 SynthDigits| Train Loss: 0.2365 | Train Acc: 0.9892
 MNIST-M    | Train Loss: 0.2490 | Train Acc: 0.9892
 MNIST      | Test  Loss: 0.2121 | Test  Acc: 0.9510
 SVHN       | Test  Loss: 1.1364 | Test  Acc: 0.6480
 USPS       | Test  Loss: 0.1974 | Test  Acc: 0.9543
 SynthDigits| Test  Loss: 0.7164 | Test  Acc: 0.7900
 MNIST-M    | Test  Loss: 0.8435 | Test  Acc: 0.7438
============ Train epoch 11 ============
 MNIST      | Train Loss: 0.0642 | Train Acc: 1.0000
 SVHN       | Train Loss: 0.4156 | Train Acc: 0.9475
 USPS       | Train Loss: 0.0811 | Train Acc: 0.9960
 SynthDigits| Train Loss: 0.1847 | Train Acc: 0.9933
 MNIST-M    | Train Loss: 0.2146 | Train Acc: 0.9933
 MNIST      | Test  Loss: 0.1977 | Test  Acc: 0.9521
 SVHN       | Test  Loss: 1.1039 | Test  Acc: 0.6539
 USPS       | Test  Loss: 0.1850 | Test  Acc: 0.9527
 SynthDigits| Test  Loss: 0.6877 | Test  Acc: 0.7946
 MNIST-M    | Test  Loss: 0.8024 | Test  Acc: 0.7609
============ Train epoch 12 ============
 MNIST      | Train Loss: 0.0605 | Train Acc: 1.0000
 SVHN       | Train Loss: 0.3753 | Train Acc: 0.9542
 USPS       | Train Loss: 0.0799 | Train Acc: 0.9946
 SynthDigits| Train Loss: 0.1813 | Train Acc: 0.9960
 MNIST-M    | Train Loss: 0.1944 | Train Acc: 0.9973
 MNIST      | Test  Loss: 0.1943 | Test  Acc: 0.9545
 SVHN       | Test  Loss: 1.0930 | Test  Acc: 0.6526
 USPS       | Test  Loss: 0.1770 | Test  Acc: 0.9565
 SynthDigits| Test  Loss: 0.6876 | Test  Acc: 0.7941
 MNIST-M    | Test  Loss: 0.8103 | Test  Acc: 0.7582
============ Train epoch 13 ============
 MNIST      | Train Loss: 0.0466 | Train Acc: 1.0000
 SVHN       | Train Loss: 0.3575 | Train Acc: 0.9448
 USPS       | Train Loss: 0.0715 | Train Acc: 0.9946
 SynthDigits| Train Loss: 0.1477 | Train Acc: 0.9946
 MNIST-M    | Train Loss: 0.1721 | Train Acc: 0.9960
 MNIST      | Test  Loss: 0.1834 | Test  Acc: 0.9543
 SVHN       | Test  Loss: 1.1037 | Test  Acc: 0.6390
 USPS       | Test  Loss: 0.1744 | Test  Acc: 0.9586
 SynthDigits| Test  Loss: 0.6682 | Test  Acc: 0.7963
 MNIST-M    | Test  Loss: 0.8073 | Test  Acc: 0.7504
============ Train epoch 14 ============
 MNIST      | Train Loss: 0.0499 | Train Acc: 1.0000
 SVHN       | Train Loss: 0.3093 | Train Acc: 0.9623
 USPS       | Train Loss: 0.0481 | Train Acc: 0.9973
 SynthDigits| Train Loss: 0.1305 | Train Acc: 0.9946
 MNIST-M    | Train Loss: 0.1361 | Train Acc: 1.0000
 MNIST      | Test  Loss: 0.1953 | Test  Acc: 0.9484
 SVHN       | Test  Loss: 1.0816 | Test  Acc: 0.6506
 USPS       | Test  Loss: 0.1506 | Test  Acc: 0.9591
 SynthDigits| Test  Loss: 0.6604 | Test  Acc: 0.7972
 MNIST-M    | Test  Loss: 0.7855 | Test  Acc: 0.7564
============ Train epoch 15 ============
 MNIST      | Train Loss: 0.0318 | Train Acc: 1.0000
 SVHN       | Train Loss: 0.2334 | Train Acc: 0.9879
 USPS       | Train Loss: 0.0404 | Train Acc: 0.9987
 SynthDigits| Train Loss: 0.1452 | Train Acc: 0.9960
 MNIST-M    | Train Loss: 0.1431 | Train Acc: 0.9973
 MNIST      | Test  Loss: 0.1600 | Test  Acc: 0.9581
 SVHN       | Test  Loss: 1.0145 | Test  Acc: 0.6816
 USPS       | Test  Loss: 0.1422 | Test  Acc: 0.9602
 SynthDigits| Test  Loss: 0.6815 | Test  Acc: 0.7831
 MNIST-M    | Test  Loss: 0.7927 | Test  Acc: 0.7525
============ Train epoch 16 ============
 MNIST      | Train Loss: 0.0330 | Train Acc: 1.0000
 SVHN       | Train Loss: 0.1999 | Train Acc: 0.9825
 USPS       | Train Loss: 0.0397 | Train Acc: 1.0000
 SynthDigits| Train Loss: 0.1087 | Train Acc: 0.9987
 MNIST-M    | Train Loss: 0.1069 | Train Acc: 1.0000
 MNIST      | Test  Loss: 0.1703 | Test  Acc: 0.9539
 SVHN       | Test  Loss: 1.0344 | Test  Acc: 0.6665
 USPS       | Test  Loss: 0.1428 | Test  Acc: 0.9602
 SynthDigits| Test  Loss: 0.6678 | Test  Acc: 0.7884
 MNIST-M    | Test  Loss: 0.7479 | Test  Acc: 0.7681
============ Train epoch 17 ============
 MNIST      | Train Loss: 0.0277 | Train Acc: 1.0000
 SVHN       | Train Loss: 0.1574 | Train Acc: 0.9987
 USPS       | Train Loss: 0.0403 | Train Acc: 0.9987
 SynthDigits| Train Loss: 0.0899 | Train Acc: 0.9973
 MNIST-M    | Train Loss: 0.1295 | Train Acc: 1.0000
 MNIST      | Test  Loss: 0.1595 | Test  Acc: 0.9572
 SVHN       | Test  Loss: 0.9724 | Test  Acc: 0.6949
 USPS       | Test  Loss: 0.1498 | Test  Acc: 0.9629
 SynthDigits| Test  Loss: 0.6285 | Test  Acc: 0.8043
 MNIST-M    | Test  Loss: 0.7635 | Test  Acc: 0.7601
============ Train epoch 18 ============
 MNIST      | Train Loss: 0.0258 | Train Acc: 1.0000
 SVHN       | Train Loss: 0.1340 | Train Acc: 0.9973
 USPS       | Train Loss: 0.0308 | Train Acc: 1.0000
 SynthDigits| Train Loss: 0.0721 | Train Acc: 1.0000
 MNIST-M    | Train Loss: 0.0885 | Train Acc: 1.0000
 MNIST      | Test  Loss: 0.1551 | Test  Acc: 0.9576
 SVHN       | Test  Loss: 0.9791 | Test  Acc: 0.6893
 USPS       | Test  Loss: 0.1416 | Test  Acc: 0.9651
 SynthDigits| Test  Loss: 0.6070 | Test  Acc: 0.8101
 MNIST-M    | Test  Loss: 0.7363 | Test  Acc: 0.7760
============ Train epoch 19 ============
 MNIST      | Train Loss: 0.0201 | Train Acc: 1.0000
 SVHN       | Train Loss: 0.1068 | Train Acc: 1.0000
 USPS       | Train Loss: 0.0230 | Train Acc: 1.0000
 SynthDigits| Train Loss: 0.0607 | Train Acc: 1.0000
 MNIST-M    | Train Loss: 0.0711 | Train Acc: 1.0000
 MNIST      | Test  Loss: 0.1518 | Test  Acc: 0.9569
 SVHN       | Test  Loss: 0.9647 | Test  Acc: 0.6937
 USPS       | Test  Loss: 0.1304 | Test  Acc: 0.9677
 SynthDigits| Test  Loss: 0.6009 | Test  Acc: 0.8121
 MNIST-M    | Test  Loss: 0.7189 | Test  Acc: 0.7781
============ Train epoch 20 ============
 MNIST      | Train Loss: 0.0171 | Train Acc: 1.0000
 SVHN       | Train Loss: 0.1016 | Train Acc: 0.9987
 USPS       | Train Loss: 0.0222 | Train Acc: 1.0000
 SynthDigits| Train Loss: 0.0503 | Train Acc: 1.0000
 MNIST-M    | Train Loss: 0.0689 | Train Acc: 1.0000
 MNIST      | Test  Loss: 0.1477 | Test  Acc: 0.9586
 SVHN       | Test  Loss: 0.9555 | Test  Acc: 0.6969
 USPS       | Test  Loss: 0.1309 | Test  Acc: 0.9661
 SynthDigits| Test  Loss: 0.5875 | Test  Acc: 0.8170
 MNIST-M    | Test  Loss: 0.7223 | Test  Acc: 0.7763
============ Train epoch 21 ============
 MNIST      | Train Loss: 0.0154 | Train Acc: 1.0000
 SVHN       | Train Loss: 0.1214 | Train Acc: 0.9987
 USPS       | Train Loss: 0.0211 | Train Acc: 1.0000
 SynthDigits| Train Loss: 0.0495 | Train Acc: 1.0000
 MNIST-M    | Train Loss: 0.0617 | Train Acc: 1.0000
 MNIST      | Test  Loss: 0.1444 | Test  Acc: 0.9579
 SVHN       | Test  Loss: 1.0146 | Test  Acc: 0.6751
 USPS       | Test  Loss: 0.1278 | Test  Acc: 0.9629
 SynthDigits| Test  Loss: 0.5994 | Test  Acc: 0.8149
 MNIST-M    | Test  Loss: 0.7090 | Test  Acc: 0.7794
============ Train epoch 22 ============
 MNIST      | Train Loss: 0.0137 | Train Acc: 1.0000
 SVHN       | Train Loss: 0.0899 | Train Acc: 0.9987
 USPS       | Train Loss: 0.0212 | Train Acc: 1.0000
 SynthDigits| Train Loss: 0.0508 | Train Acc: 1.0000
 MNIST-M    | Train Loss: 0.0573 | Train Acc: 1.0000
 MNIST      | Test  Loss: 0.1431 | Test  Acc: 0.9578
 SVHN       | Test  Loss: 0.9674 | Test  Acc: 0.6918
 USPS       | Test  Loss: 0.1288 | Test  Acc: 0.9634
 SynthDigits| Test  Loss: 0.6076 | Test  Acc: 0.8068
 MNIST-M    | Test  Loss: 0.7267 | Test  Acc: 0.7710
============ Train epoch 23 ============
 MNIST      | Train Loss: 0.0137 | Train Acc: 1.0000
 SVHN       | Train Loss: 0.0839 | Train Acc: 0.9987
 USPS       | Train Loss: 0.0190 | Train Acc: 1.0000
 SynthDigits| Train Loss: 0.0568 | Train Acc: 0.9987
 MNIST-M    | Train Loss: 0.0657 | Train Acc: 1.0000
 MNIST      | Test  Loss: 0.1398 | Test  Acc: 0.9600
 SVHN       | Test  Loss: 0.9613 | Test  Acc: 0.6924
 USPS       | Test  Loss: 0.1377 | Test  Acc: 0.9645
 SynthDigits| Test  Loss: 0.6155 | Test  Acc: 0.8044
 MNIST-M    | Test  Loss: 0.7273 | Test  Acc: 0.7701
============ Train epoch 24 ============
 MNIST      | Train Loss: 0.0101 | Train Acc: 1.0000
 SVHN       | Train Loss: 0.0590 | Train Acc: 1.0000
 USPS       | Train Loss: 0.0145 | Train Acc: 1.0000
 SynthDigits| Train Loss: 0.0361 | Train Acc: 1.0000
 MNIST-M    | Train Loss: 0.0376 | Train Acc: 1.0000
 MNIST      | Test  Loss: 0.1328 | Test  Acc: 0.9609
 SVHN       | Test  Loss: 0.9410 | Test  Acc: 0.6997
 USPS       | Test  Loss: 0.1246 | Test  Acc: 0.9656
 SynthDigits| Test  Loss: 0.5764 | Test  Acc: 0.8190
 MNIST-M    | Test  Loss: 0.6982 | Test  Acc: 0.7765
============ Train epoch 25 ============
 MNIST      | Train Loss: 0.0113 | Train Acc: 1.0000
 SVHN       | Train Loss: 0.0640 | Train Acc: 0.9987
 USPS       | Train Loss: 0.0163 | Train Acc: 1.0000
 SynthDigits| Train Loss: 0.0425 | Train Acc: 1.0000
 MNIST-M    | Train Loss: 0.0436 | Train Acc: 1.0000
 MNIST      | Test  Loss: 0.1383 | Test  Acc: 0.9604
 SVHN       | Test  Loss: 0.9433 | Test  Acc: 0.7004
 USPS       | Test  Loss: 0.1225 | Test  Acc: 0.9667
 SynthDigits| Test  Loss: 0.5966 | Test  Acc: 0.8118
 MNIST-M    | Test  Loss: 0.6986 | Test  Acc: 0.7782
============ Train epoch 26 ============
 MNIST      | Train Loss: 0.0110 | Train Acc: 1.0000
 SVHN       | Train Loss: 0.0515 | Train Acc: 1.0000
 USPS       | Train Loss: 0.0155 | Train Acc: 1.0000
 SynthDigits| Train Loss: 0.0376 | Train Acc: 1.0000
 MNIST-M    | Train Loss: 0.0415 | Train Acc: 1.0000
 MNIST      | Test  Loss: 0.1389 | Test  Acc: 0.9594
 SVHN       | Test  Loss: 0.9307 | Test  Acc: 0.7029
 USPS       | Test  Loss: 0.1238 | Test  Acc: 0.9683
 SynthDigits| Test  Loss: 0.5901 | Test  Acc: 0.8141
 MNIST-M    | Test  Loss: 0.6908 | Test  Acc: 0.7797
============ Train epoch 27 ============
 MNIST      | Train Loss: 0.0156 | Train Acc: 1.0000
 SVHN       | Train Loss: 0.0585 | Train Acc: 1.0000
 USPS       | Train Loss: 0.0120 | Train Acc: 1.0000
 SynthDigits| Train Loss: 0.0327 | Train Acc: 1.0000
 MNIST-M    | Train Loss: 0.0399 | Train Acc: 1.0000
 MNIST      | Test  Loss: 0.1605 | Test  Acc: 0.9519
 SVHN       | Test  Loss: 0.9610 | Test  Acc: 0.6925
 USPS       | Test  Loss: 0.1268 | Test  Acc: 0.9677
 SynthDigits| Test  Loss: 0.5870 | Test  Acc: 0.8150
 MNIST-M    | Test  Loss: 0.7204 | Test  Acc: 0.7699
============ Train epoch 28 ============
 MNIST      | Train Loss: 0.0096 | Train Acc: 1.0000
 SVHN       | Train Loss: 0.0616 | Train Acc: 0.9987
 USPS       | Train Loss: 0.0142 | Train Acc: 1.0000
 SynthDigits| Train Loss: 0.0377 | Train Acc: 1.0000
 MNIST-M    | Train Loss: 0.0326 | Train Acc: 1.0000
 MNIST      | Test  Loss: 0.1334 | Test  Acc: 0.9621
 SVHN       | Test  Loss: 0.9638 | Test  Acc: 0.6937
 USPS       | Test  Loss: 0.1184 | Test  Acc: 0.9634
 SynthDigits| Test  Loss: 0.6035 | Test  Acc: 0.8096
 MNIST-M    | Test  Loss: 0.7010 | Test  Acc: 0.7724
============ Train epoch 29 ============
 MNIST      | Train Loss: 0.0080 | Train Acc: 1.0000
 SVHN       | Train Loss: 0.0543 | Train Acc: 1.0000
 USPS       | Train Loss: 0.0112 | Train Acc: 1.0000
 SynthDigits| Train Loss: 0.0281 | Train Acc: 1.0000
 MNIST-M    | Train Loss: 0.0274 | Train Acc: 1.0000
 MNIST      | Test  Loss: 0.1317 | Test  Acc: 0.9594
 SVHN       | Test  Loss: 0.9636 | Test  Acc: 0.6913
 USPS       | Test  Loss: 0.1188 | Test  Acc: 0.9672
 SynthDigits| Test  Loss: 0.5760 | Test  Acc: 0.8177
 MNIST-M    | Test  Loss: 0.6803 | Test  Acc: 0.7804
============ Train epoch 30 ============
 MNIST      | Train Loss: 0.0088 | Train Acc: 1.0000
 SVHN       | Train Loss: 0.0485 | Train Acc: 0.9987
 USPS       | Train Loss: 0.0121 | Train Acc: 1.0000
 SynthDigits| Train Loss: 0.0282 | Train Acc: 1.0000
 MNIST-M    | Train Loss: 0.0267 | Train Acc: 1.0000
 MNIST      | Test  Loss: 0.1343 | Test  Acc: 0.9614
 SVHN       | Test  Loss: 0.9592 | Test  Acc: 0.6942
 USPS       | Test  Loss: 0.1182 | Test  Acc: 0.9683
 SynthDigits| Test  Loss: 0.5862 | Test  Acc: 0.8144
 MNIST-M    | Test  Loss: 0.6883 | Test  Acc: 0.7799
============ Train epoch 31 ============
 MNIST      | Train Loss: 0.0069 | Train Acc: 1.0000
 SVHN       | Train Loss: 0.0430 | Train Acc: 0.9987
 USPS       | Train Loss: 0.0100 | Train Acc: 1.0000
 SynthDigits| Train Loss: 0.0255 | Train Acc: 1.0000
 MNIST-M    | Train Loss: 0.0269 | Train Acc: 1.0000
 MNIST      | Test  Loss: 0.1316 | Test  Acc: 0.9598
 SVHN       | Test  Loss: 0.9535 | Test  Acc: 0.6961
 USPS       | Test  Loss: 0.1182 | Test  Acc: 0.9672
 SynthDigits| Test  Loss: 0.5916 | Test  Acc: 0.8128
 MNIST-M    | Test  Loss: 0.6809 | Test  Acc: 0.7839
============ Train epoch 32 ============
 MNIST      | Train Loss: 0.0100 | Train Acc: 1.0000
 SVHN       | Train Loss: 0.0553 | Train Acc: 0.9973
 USPS       | Train Loss: 0.0124 | Train Acc: 1.0000
 SynthDigits| Train Loss: 0.0320 | Train Acc: 1.0000
 MNIST-M    | Train Loss: 0.0426 | Train Acc: 1.0000
 MNIST      | Test  Loss: 0.1389 | Test  Acc: 0.9581
 SVHN       | Test  Loss: 0.9629 | Test  Acc: 0.6918
 USPS       | Test  Loss: 0.1252 | Test  Acc: 0.9661
 SynthDigits| Test  Loss: 0.5958 | Test  Acc: 0.8120
 MNIST-M    | Test  Loss: 0.7296 | Test  Acc: 0.7657
============ Train epoch 33 ============
 MNIST      | Train Loss: 0.0056 | Train Acc: 1.0000
 SVHN       | Train Loss: 0.0402 | Train Acc: 1.0000
 USPS       | Train Loss: 0.0074 | Train Acc: 1.0000
 SynthDigits| Train Loss: 0.0230 | Train Acc: 1.0000
 MNIST-M    | Train Loss: 0.0237 | Train Acc: 1.0000
 MNIST      | Test  Loss: 0.1296 | Test  Acc: 0.9600
 SVHN       | Test  Loss: 0.9396 | Test  Acc: 0.7012
 USPS       | Test  Loss: 0.1085 | Test  Acc: 0.9699
 SynthDigits| Test  Loss: 0.5656 | Test  Acc: 0.8206
 MNIST-M    | Test  Loss: 0.6765 | Test  Acc: 0.7829
============ Train epoch 34 ============
 MNIST      | Train Loss: 0.0101 | Train Acc: 1.0000
 SVHN       | Train Loss: 0.0488 | Train Acc: 1.0000
 USPS       | Train Loss: 0.0143 | Train Acc: 1.0000
 SynthDigits| Train Loss: 0.0382 | Train Acc: 1.0000
 MNIST-M    | Train Loss: 0.0284 | Train Acc: 1.0000
 MNIST      | Test  Loss: 0.1545 | Test  Acc: 0.9523
 SVHN       | Test  Loss: 0.9739 | Test  Acc: 0.6918
 USPS       | Test  Loss: 0.1375 | Test  Acc: 0.9624
 SynthDigits| Test  Loss: 0.6306 | Test  Acc: 0.8004
 MNIST-M    | Test  Loss: 0.7391 | Test  Acc: 0.7608
============ Train epoch 35 ============
 MNIST      | Train Loss: 0.0071 | Train Acc: 1.0000
 SVHN       | Train Loss: 0.0723 | Train Acc: 0.9892
 USPS       | Train Loss: 0.0116 | Train Acc: 1.0000
 SynthDigits| Train Loss: 0.0364 | Train Acc: 0.9973
 MNIST-M    | Train Loss: 0.0278 | Train Acc: 1.0000
 MNIST      | Test  Loss: 0.1261 | Test  Acc: 0.9639
 SVHN       | Test  Loss: 1.0324 | Test  Acc: 0.6652
 USPS       | Test  Loss: 0.1215 | Test  Acc: 0.9645
 SynthDigits| Test  Loss: 0.6002 | Test  Acc: 0.8077
 MNIST-M    | Test  Loss: 0.7073 | Test  Acc: 0.7761
============ Train epoch 36 ============
 MNIST      | Train Loss: 0.0055 | Train Acc: 1.0000
 SVHN       | Train Loss: 0.0491 | Train Acc: 1.0000
 USPS       | Train Loss: 0.0108 | Train Acc: 1.0000
 SynthDigits| Train Loss: 0.0260 | Train Acc: 1.0000
 MNIST-M    | Train Loss: 0.0285 | Train Acc: 1.0000
 MNIST      | Test  Loss: 0.1249 | Test  Acc: 0.9626
 SVHN       | Test  Loss: 0.9926 | Test  Acc: 0.6795
 USPS       | Test  Loss: 0.1208 | Test  Acc: 0.9618
 SynthDigits| Test  Loss: 0.5782 | Test  Acc: 0.8161
 MNIST-M    | Test  Loss: 0.7228 | Test  Acc: 0.7679
============ Train epoch 37 ============
 MNIST      | Train Loss: 0.0123 | Train Acc: 1.0000
 SVHN       | Train Loss: 0.0701 | Train Acc: 0.9960
 USPS       | Train Loss: 0.0132 | Train Acc: 1.0000
 SynthDigits| Train Loss: 0.0295 | Train Acc: 1.0000
 MNIST-M    | Train Loss: 0.0402 | Train Acc: 1.0000
 MNIST      | Test  Loss: 0.1467 | Test  Acc: 0.9555
 SVHN       | Test  Loss: 1.0216 | Test  Acc: 0.6698
 USPS       | Test  Loss: 0.1215 | Test  Acc: 0.9645
 SynthDigits| Test  Loss: 0.5836 | Test  Acc: 0.8145
 MNIST-M    | Test  Loss: 0.7506 | Test  Acc: 0.7580
============ Train epoch 38 ============
 MNIST      | Train Loss: 0.0042 | Train Acc: 1.0000
 SVHN       | Train Loss: 0.0263 | Train Acc: 1.0000
 USPS       | Train Loss: 0.0058 | Train Acc: 1.0000
 SynthDigits| Train Loss: 0.0158 | Train Acc: 1.0000
 MNIST-M    | Train Loss: 0.0194 | Train Acc: 1.0000
 MNIST      | Test  Loss: 0.1211 | Test  Acc: 0.9632
 SVHN       | Test  Loss: 0.9469 | Test  Acc: 0.6959
 USPS       | Test  Loss: 0.1090 | Test  Acc: 0.9715
 SynthDigits| Test  Loss: 0.5561 | Test  Acc: 0.8233
 MNIST-M    | Test  Loss: 0.6814 | Test  Acc: 0.7821
============ Train epoch 39 ============
 MNIST      | Train Loss: 0.0054 | Train Acc: 1.0000
 SVHN       | Train Loss: 0.0868 | Train Acc: 0.9838
 USPS       | Train Loss: 0.0094 | Train Acc: 1.0000
 SynthDigits| Train Loss: 0.0263 | Train Acc: 0.9987
 MNIST-M    | Train Loss: 0.0196 | Train Acc: 1.0000
 MNIST      | Test  Loss: 0.1246 | Test  Acc: 0.9631
 SVHN       | Test  Loss: 1.0405 | Test  Acc: 0.6652
 USPS       | Test  Loss: 0.1175 | Test  Acc: 0.9688
 SynthDigits| Test  Loss: 0.5886 | Test  Acc: 0.8144
 MNIST-M    | Test  Loss: 0.6954 | Test  Acc: 0.7745
============ Train epoch 40 ============
 MNIST      | Train Loss: 0.0036 | Train Acc: 1.0000
 SVHN       | Train Loss: 0.0289 | Train Acc: 1.0000
 USPS       | Train Loss: 0.0049 | Train Acc: 1.0000
 SynthDigits| Train Loss: 0.0137 | Train Acc: 1.0000
 MNIST-M    | Train Loss: 0.0162 | Train Acc: 1.0000
 MNIST      | Test  Loss: 0.1196 | Test  Acc: 0.9631
 SVHN       | Test  Loss: 0.9417 | Test  Acc: 0.6982
 USPS       | Test  Loss: 0.1081 | Test  Acc: 0.9688
 SynthDigits| Test  Loss: 0.5483 | Test  Acc: 0.8259
 MNIST-M    | Test  Loss: 0.6780 | Test  Acc: 0.7783
============ Train epoch 41 ============
 MNIST      | Train Loss: 0.0047 | Train Acc: 1.0000
 SVHN       | Train Loss: 0.0327 | Train Acc: 1.0000
 USPS       | Train Loss: 0.0058 | Train Acc: 1.0000
 SynthDigits| Train Loss: 0.0162 | Train Acc: 1.0000
 MNIST-M    | Train Loss: 0.0178 | Train Acc: 1.0000
 MNIST      | Test  Loss: 0.1303 | Test  Acc: 0.9598
 SVHN       | Test  Loss: 0.9696 | Test  Acc: 0.6890
 USPS       | Test  Loss: 0.1142 | Test  Acc: 0.9694
 SynthDigits| Test  Loss: 0.5705 | Test  Acc: 0.8190
 MNIST-M    | Test  Loss: 0.6979 | Test  Acc: 0.7704
============ Train epoch 42 ============
 MNIST      | Train Loss: 0.0037 | Train Acc: 1.0000
 SVHN       | Train Loss: 0.0258 | Train Acc: 1.0000
 USPS       | Train Loss: 0.0065 | Train Acc: 1.0000
 SynthDigits| Train Loss: 0.0137 | Train Acc: 1.0000
 MNIST-M    | Train Loss: 0.0142 | Train Acc: 1.0000
 MNIST      | Test  Loss: 0.1138 | Test  Acc: 0.9667
 SVHN       | Test  Loss: 0.9368 | Test  Acc: 0.6979
 USPS       | Test  Loss: 0.1110 | Test  Acc: 0.9694
 SynthDigits| Test  Loss: 0.5556 | Test  Acc: 0.8242
 MNIST-M    | Test  Loss: 0.6779 | Test  Acc: 0.7809
============ Train epoch 43 ============
 MNIST      | Train Loss: 0.0043 | Train Acc: 1.0000
 SVHN       | Train Loss: 0.0270 | Train Acc: 1.0000
 USPS       | Train Loss: 0.0053 | Train Acc: 1.0000
 SynthDigits| Train Loss: 0.0139 | Train Acc: 1.0000
 MNIST-M    | Train Loss: 0.0125 | Train Acc: 1.0000
 MNIST      | Test  Loss: 0.1310 | Test  Acc: 0.9606
 SVHN       | Test  Loss: 0.9610 | Test  Acc: 0.6932
 USPS       | Test  Loss: 0.1105 | Test  Acc: 0.9667
 SynthDigits| Test  Loss: 0.5813 | Test  Acc: 0.8164
 MNIST-M    | Test  Loss: 0.6773 | Test  Acc: 0.7829
============ Train epoch 44 ============
 MNIST      | Train Loss: 0.0046 | Train Acc: 1.0000
 SVHN       | Train Loss: 0.0364 | Train Acc: 0.9973
 USPS       | Train Loss: 0.0093 | Train Acc: 1.0000
 SynthDigits| Train Loss: 0.0215 | Train Acc: 1.0000
 MNIST-M    | Train Loss: 0.0169 | Train Acc: 1.0000
 MNIST      | Test  Loss: 0.1236 | Test  Acc: 0.9632
 SVHN       | Test  Loss: 1.0036 | Test  Acc: 0.6801
 USPS       | Test  Loss: 0.1192 | Test  Acc: 0.9683
 SynthDigits| Test  Loss: 0.6083 | Test  Acc: 0.8083
 MNIST-M    | Test  Loss: 0.6928 | Test  Acc: 0.7728
============ Train epoch 45 ============
 MNIST      | Train Loss: 0.0047 | Train Acc: 1.0000
 SVHN       | Train Loss: 0.0220 | Train Acc: 1.0000
 USPS       | Train Loss: 0.0058 | Train Acc: 1.0000
 SynthDigits| Train Loss: 0.0136 | Train Acc: 1.0000
 MNIST-M    | Train Loss: 0.0168 | Train Acc: 1.0000
 MNIST      | Test  Loss: 0.1201 | Test  Acc: 0.9646
 SVHN       | Test  Loss: 0.9486 | Test  Acc: 0.6961
 USPS       | Test  Loss: 0.1094 | Test  Acc: 0.9688
 SynthDigits| Test  Loss: 0.5555 | Test  Acc: 0.8234
 MNIST-M    | Test  Loss: 0.6854 | Test  Acc: 0.7808
============ Train epoch 46 ============
 MNIST      | Train Loss: 0.0057 | Train Acc: 1.0000
 SVHN       | Train Loss: 0.0213 | Train Acc: 1.0000
 USPS       | Train Loss: 0.0066 | Train Acc: 1.0000
 SynthDigits| Train Loss: 0.0157 | Train Acc: 1.0000
 MNIST-M    | Train Loss: 0.0196 | Train Acc: 1.0000
 MNIST      | Test  Loss: 0.1243 | Test  Acc: 0.9639
 SVHN       | Test  Loss: 0.9308 | Test  Acc: 0.7026
 USPS       | Test  Loss: 0.1132 | Test  Acc: 0.9694
 SynthDigits| Test  Loss: 0.5706 | Test  Acc: 0.8200
 MNIST-M    | Test  Loss: 0.6934 | Test  Acc: 0.7739
============ Train epoch 47 ============
 MNIST      | Train Loss: 0.0036 | Train Acc: 1.0000
 SVHN       | Train Loss: 0.0223 | Train Acc: 1.0000
 USPS       | Train Loss: 0.0046 | Train Acc: 1.0000
 SynthDigits| Train Loss: 0.0123 | Train Acc: 1.0000
 MNIST-M    | Train Loss: 0.0132 | Train Acc: 1.0000
 MNIST      | Test  Loss: 0.1201 | Test  Acc: 0.9634
 SVHN       | Test  Loss: 0.9697 | Test  Acc: 0.6889
 USPS       | Test  Loss: 0.1088 | Test  Acc: 0.9688
 SynthDigits| Test  Loss: 0.5649 | Test  Acc: 0.8215
 MNIST-M    | Test  Loss: 0.6948 | Test  Acc: 0.7762
============ Train epoch 48 ============
 MNIST      | Train Loss: 0.0067 | Train Acc: 1.0000
 SVHN       | Train Loss: 0.0219 | Train Acc: 1.0000
 USPS       | Train Loss: 0.0112 | Train Acc: 0.9987
 SynthDigits| Train Loss: 0.0188 | Train Acc: 0.9973
 MNIST-M    | Train Loss: 0.0150 | Train Acc: 1.0000
 MNIST      | Test  Loss: 0.1304 | Test  Acc: 0.9609
 SVHN       | Test  Loss: 0.9608 | Test  Acc: 0.6926
 USPS       | Test  Loss: 0.1285 | Test  Acc: 0.9586
 SynthDigits| Test  Loss: 0.5730 | Test  Acc: 0.8181
 MNIST-M    | Test  Loss: 0.6919 | Test  Acc: 0.7771
============ Train epoch 49 ============
 MNIST      | Train Loss: 0.0123 | Train Acc: 1.0000
 SVHN       | Train Loss: 0.0268 | Train Acc: 1.0000
 USPS       | Train Loss: 0.0130 | Train Acc: 1.0000
 SynthDigits| Train Loss: 0.0231 | Train Acc: 0.9987
 MNIST-M    | Train Loss: 0.0219 | Train Acc: 1.0000
 MNIST      | Test  Loss: 0.1293 | Test  Acc: 0.9620
 SVHN       | Test  Loss: 0.9627 | Test  Acc: 0.6928
 USPS       | Test  Loss: 0.1220 | Test  Acc: 0.9683
 SynthDigits| Test  Loss: 0.5954 | Test  Acc: 0.8114
 MNIST-M    | Test  Loss: 0.7100 | Test  Acc: 0.7669
 Saving checkpoints to ../checkpoint/digits/federated_digits/fedbn...
