Loading project configuration... 
Success
[92mINFO [0m:      Starting Flower ServerApp, config: num_rounds=30, no round_timeout
[92mINFO [0m:      
[92mINFO [0m:      [INIT]
[92mINFO [0m:      Using initial global parameters provided by strategy
[92mINFO [0m:      Starting evaluation of initial global parameters
[92mINFO [0m:      Evaluation returned no results (`None`)
[92mINFO [0m:      
[92mINFO [0m:      [ROUND 1]
[92mINFO [0m:      configure_fit: strategy sampled 20 clients (out of 20)
[92mINFO [0m:      aggregate_fit: received 20 results and 0 failures
[92mINFO [0m:      configure_evaluate: no clients selected, skipping evaluation
[92mINFO [0m:      
[92mINFO [0m:      [ROUND 2]
[92mINFO [0m:      configure_fit: strategy sampled 20 clients (out of 20)
[92mINFO [0m:      aggregate_fit: received 20 results and 0 failures
[92mINFO [0m:      configure_evaluate: no clients selected, skipping evaluation
[92mINFO [0m:      
[92mINFO [0m:      [ROUND 3]
[92mINFO [0m:      configure_fit: strategy sampled 20 clients (out of 20)
[92mINFO [0m:      aggregate_fit: received 20 results and 0 failures
[92mINFO [0m:      configure_evaluate: no clients selected, skipping evaluation
[92mINFO [0m:      
[92mINFO [0m:      [ROUND 4]
[92mINFO [0m:      configure_fit: strategy sampled 20 clients (out of 20)
[92mINFO [0m:      aggregate_fit: received 20 results and 0 failures
[92mINFO [0m:      configure_evaluate: no clients selected, skipping evaluation
[92mINFO [0m:      
[92mINFO [0m:      [ROUND 5]
[92mINFO [0m:      configure_fit: strategy sampled 20 clients (out of 20)
[92mINFO [0m:      aggregate_fit: received 20 results and 0 failures
[92mINFO [0m:      configure_evaluate: strategy sampled 20 clients (out of 20)
[92mINFO [0m:      aggregate_evaluate: received 20 results and 0 failures
[92mINFO [0m:      
[92mINFO [0m:      [ROUND 6]
[92mINFO [0m:      configure_fit: strategy sampled 20 clients (out of 20)
[92mINFO [0m:      aggregate_fit: received 20 results and 0 failures
[92mINFO [0m:      configure_evaluate: no clients selected, skipping evaluation
[92mINFO [0m:      
[92mINFO [0m:      [ROUND 7]
[92mINFO [0m:      configure_fit: strategy sampled 20 clients (out of 20)
[92mINFO [0m:      aggregate_fit: received 20 results and 0 failures
[92mINFO [0m:      configure_evaluate: no clients selected, skipping evaluation
[92mINFO [0m:      
[92mINFO [0m:      [ROUND 8]
[92mINFO [0m:      configure_fit: strategy sampled 20 clients (out of 20)
[92mINFO [0m:      aggregate_fit: received 20 results and 0 failures
[92mINFO [0m:      configure_evaluate: no clients selected, skipping evaluation
[92mINFO [0m:      
[92mINFO [0m:      [ROUND 9]
[92mINFO [0m:      configure_fit: strategy sampled 20 clients (out of 20)
[92mINFO [0m:      aggregate_fit: received 20 results and 0 failures
[92mINFO [0m:      configure_evaluate: no clients selected, skipping evaluation
[92mINFO [0m:      
[92mINFO [0m:      [ROUND 10]
[92mINFO [0m:      configure_fit: strategy sampled 20 clients (out of 20)
[92mINFO [0m:      aggregate_fit: received 20 results and 0 failures
[92mINFO [0m:      configure_evaluate: strategy sampled 20 clients (out of 20)
[92mINFO [0m:      aggregate_evaluate: received 20 results and 0 failures
[92mINFO [0m:      
[92mINFO [0m:      [ROUND 11]
[92mINFO [0m:      configure_fit: strategy sampled 20 clients (out of 20)
[92mINFO [0m:      aggregate_fit: received 20 results and 0 failures
[92mINFO [0m:      configure_evaluate: no clients selected, skipping evaluation
[92mINFO [0m:      
[92mINFO [0m:      [ROUND 12]
[92mINFO [0m:      configure_fit: strategy sampled 20 clients (out of 20)
[92mINFO [0m:      aggregate_fit: received 20 results and 0 failures
[92mINFO [0m:      configure_evaluate: no clients selected, skipping evaluation
[92mINFO [0m:      
[92mINFO [0m:      [ROUND 13]
[92mINFO [0m:      configure_fit: strategy sampled 20 clients (out of 20)
[92mINFO [0m:      aggregate_fit: received 20 results and 0 failures
[92mINFO [0m:      configure_evaluate: no clients selected, skipping evaluation
[92mINFO [0m:      
[92mINFO [0m:      [ROUND 14]
[92mINFO [0m:      configure_fit: strategy sampled 20 clients (out of 20)
[92mINFO [0m:      aggregate_fit: received 20 results and 0 failures
[92mINFO [0m:      configure_evaluate: no clients selected, skipping evaluation
[92mINFO [0m:      
[92mINFO [0m:      [ROUND 15]
[92mINFO [0m:      configure_fit: strategy sampled 20 clients (out of 20)
[92mINFO [0m:      aggregate_fit: received 20 results and 0 failures
[92mINFO [0m:      configure_evaluate: strategy sampled 20 clients (out of 20)
[92mINFO [0m:      aggregate_evaluate: received 20 results and 0 failures
[92mINFO [0m:      
[92mINFO [0m:      [ROUND 16]
[92mINFO [0m:      configure_fit: strategy sampled 20 clients (out of 20)
[92mINFO [0m:      aggregate_fit: received 20 results and 0 failures
[92mINFO [0m:      configure_evaluate: no clients selected, skipping evaluation
[92mINFO [0m:      
[92mINFO [0m:      [ROUND 17]
[92mINFO [0m:      configure_fit: strategy sampled 20 clients (out of 20)
[92mINFO [0m:      aggregate_fit: received 20 results and 0 failures
[92mINFO [0m:      configure_evaluate: no clients selected, skipping evaluation
[92mINFO [0m:      
[92mINFO [0m:      [ROUND 18]
[92mINFO [0m:      configure_fit: strategy sampled 20 clients (out of 20)
[92mINFO [0m:      aggregate_fit: received 20 results and 0 failures
[92mINFO [0m:      configure_evaluate: no clients selected, skipping evaluation
[92mINFO [0m:      
[92mINFO [0m:      [ROUND 19]
[92mINFO [0m:      configure_fit: strategy sampled 20 clients (out of 20)
[92mINFO [0m:      aggregate_fit: received 20 results and 0 failures
[92mINFO [0m:      configure_evaluate: no clients selected, skipping evaluation
[92mINFO [0m:      
[92mINFO [0m:      [ROUND 20]
[92mINFO [0m:      configure_fit: strategy sampled 20 clients (out of 20)
[92mINFO [0m:      aggregate_fit: received 20 results and 0 failures
[92mINFO [0m:      configure_evaluate: strategy sampled 20 clients (out of 20)
[92mINFO [0m:      aggregate_evaluate: received 20 results and 0 failures
[92mINFO [0m:      
[92mINFO [0m:      [ROUND 21]
[92mINFO [0m:      configure_fit: strategy sampled 20 clients (out of 20)
[92mINFO [0m:      aggregate_fit: received 20 results and 0 failures
[92mINFO [0m:      configure_evaluate: no clients selected, skipping evaluation
[92mINFO [0m:      
[92mINFO [0m:      [ROUND 22]
[92mINFO [0m:      configure_fit: strategy sampled 20 clients (out of 20)
[92mINFO [0m:      aggregate_fit: received 20 results and 0 failures
[92mINFO [0m:      configure_evaluate: no clients selected, skipping evaluation
[92mINFO [0m:      
[92mINFO [0m:      [ROUND 23]
[92mINFO [0m:      configure_fit: strategy sampled 20 clients (out of 20)
[92mINFO [0m:      aggregate_fit: received 20 results and 0 failures
[92mINFO [0m:      configure_evaluate: no clients selected, skipping evaluation
[92mINFO [0m:      
[92mINFO [0m:      [ROUND 24]
[92mINFO [0m:      configure_fit: strategy sampled 20 clients (out of 20)
[92mINFO [0m:      aggregate_fit: received 20 results and 0 failures
[92mINFO [0m:      configure_evaluate: no clients selected, skipping evaluation
[92mINFO [0m:      
[92mINFO [0m:      [ROUND 25]
[92mINFO [0m:      configure_fit: strategy sampled 20 clients (out of 20)
[92mINFO [0m:      aggregate_fit: received 20 results and 0 failures
[92mINFO [0m:      configure_evaluate: strategy sampled 20 clients (out of 20)
[92mINFO [0m:      aggregate_evaluate: received 20 results and 0 failures
[92mINFO [0m:      
[92mINFO [0m:      [ROUND 26]
[92mINFO [0m:      configure_fit: strategy sampled 20 clients (out of 20)
[92mINFO [0m:      aggregate_fit: received 20 results and 0 failures
[92mINFO [0m:      configure_evaluate: no clients selected, skipping evaluation
[92mINFO [0m:      
[92mINFO [0m:      [ROUND 27]
[92mINFO [0m:      configure_fit: strategy sampled 20 clients (out of 20)
[92mINFO [0m:      aggregate_fit: received 20 results and 0 failures
[92mINFO [0m:      configure_evaluate: no clients selected, skipping evaluation
[92mINFO [0m:      
[92mINFO [0m:      [ROUND 28]
[92mINFO [0m:      configure_fit: strategy sampled 20 clients (out of 20)
[92mINFO [0m:      aggregate_fit: received 20 results and 0 failures
[92mINFO [0m:      configure_evaluate: no clients selected, skipping evaluation
[92mINFO [0m:      
[92mINFO [0m:      [ROUND 29]
[92mINFO [0m:      configure_fit: strategy sampled 20 clients (out of 20)
[92mINFO [0m:      aggregate_fit: received 20 results and 0 failures
[92mINFO [0m:      configure_evaluate: no clients selected, skipping evaluation
[92mINFO [0m:      
[92mINFO [0m:      [ROUND 30]
[92mINFO [0m:      configure_fit: strategy sampled 20 clients (out of 20)
[92mINFO [0m:      aggregate_fit: received 20 results and 0 failures
[92mINFO [0m:      configure_evaluate: strategy sampled 20 clients (out of 20)
[92mINFO [0m:      aggregate_evaluate: received 20 results and 0 failures
[92mINFO [0m:      Results saver function provided. Executing
[92mINFO [0m:      
[92mINFO [0m:      [SUMMARY]
[92mINFO [0m:      Run finished 30 round(s) in 1031.66s
[92mINFO [0m:      	History (loss, distributed):
[92mINFO [0m:      		round 5: 0.9739409429994504
[92mINFO [0m:      		round 10: 0.6440876515324535
[92mINFO [0m:      		round 15: 0.5222081359207682
[92mINFO [0m:      		round 20: 0.4595112986375492
[92mINFO [0m:      		round 25: 0.4125501838920021
[92mINFO [0m:      		round 30: 0.37436838570066644
[92mINFO [0m:      	History (metrics, distributed, fit):
[92mINFO [0m:      	{'accuracy': [(1,
[92mINFO [0m:      	               {'MNIST': 0.7758736559139785,
[92mINFO [0m:      	                'MNIST_M': 0.3639112903225807,
[92mINFO [0m:      	                'SVHN': 0.21479688562786725,
[92mINFO [0m:      	                'SynthDigits': 0.3296370967741935,
[92mINFO [0m:      	                'USPS': 0.8296370967741936}),
[92mINFO [0m:      	              (2,
[92mINFO [0m:      	               {'MNIST': 0.8810483870967741,
[92mINFO [0m:      	                'MNIST_M': 0.543010752688172,
[92mINFO [0m:      	                'SVHN': 0.31293370743426097,
[92mINFO [0m:      	                'SynthDigits': 0.5228494623655914,
[92mINFO [0m:      	                'USPS': 0.912970430107527}),
[92mINFO [0m:      	              (3,
[92mINFO [0m:      	               {'MNIST': 0.9206989247311826,
[92mINFO [0m:      	                'MNIST_M': 0.6209677419354839,
[92mINFO [0m:      	                'SVHN': 0.43932256617317184,
[92mINFO [0m:      	                'SynthDigits': 0.6423492018697811,
[92mINFO [0m:      	                'USPS': 0.9206989247311826}),
[92mINFO [0m:      	              (4,
[92mINFO [0m:      	               {'MNIST': 0.9425403225806451,
[92mINFO [0m:      	                'MNIST_M': 0.6727150537634409,
[92mINFO [0m:      	                'SVHN': 0.5176476866524841,
[92mINFO [0m:      	                'SynthDigits': 0.7280645342190191,
[92mINFO [0m:      	                'USPS': 0.950268817204301}),
[92mINFO [0m:      	              (5,
[92mINFO [0m:      	               {'MNIST': 0.9512768817204303,
[92mINFO [0m:      	                'MNIST_M': 0.739247311827957,
[92mINFO [0m:      	                'SVHN': 0.5707576267384478,
[92mINFO [0m:      	                'SynthDigits': 0.760752688172043,
[92mINFO [0m:      	                'USPS': 0.9428763440860215}),
[92mINFO [0m:      	              (6,
[92mINFO [0m:      	               {'MNIST': 0.957997311827957,
[92mINFO [0m:      	                'MNIST_M': 0.7456317204301075,
[92mINFO [0m:      	                'SVHN': 0.6242026838304461,
[92mINFO [0m:      	                'SynthDigits': 0.7852822580645161,
[92mINFO [0m:      	                'USPS': 0.9509408602150536}),
[92mINFO [0m:      	              (7,
[92mINFO [0m:      	               {'MNIST': 0.9559653540572223,
[92mINFO [0m:      	                'MNIST_M': 0.7977150537634409,
[92mINFO [0m:      	                'SVHN': 0.6443666876510513,
[92mINFO [0m:      	                'SynthDigits': 0.8111559139784946,
[92mINFO [0m:      	                'USPS': 0.95497311827957}),
[92mINFO [0m:      	              (8,
[92mINFO [0m:      	               {'MNIST': 0.9627016129032259,
[92mINFO [0m:      	                'MNIST_M': 0.7879704301075269,
[92mINFO [0m:      	                'SVHN': 0.679657538459312,
[92mINFO [0m:      	                'SynthDigits': 0.8248744554913964,
[92mINFO [0m:      	                'USPS': 0.9616935483870966}),
[92mINFO [0m:      	              (9,
[92mINFO [0m:      	               {'MNIST': 0.9643735799360339,
[92mINFO [0m:      	                'MNIST_M': 0.8303091397849464,
[92mINFO [0m:      	                'SVHN': 0.6799940122143591,
[92mINFO [0m:      	                'SynthDigits': 0.8245967741935484,
[92mINFO [0m:      	                'USPS': 0.9643817204301076}),
[92mINFO [0m:      	              (10,
[92mINFO [0m:      	               {'MNIST': 0.9660618279569894,
[92mINFO [0m:      	                'MNIST_M': 0.8259408602150536,
[92mINFO [0m:      	                'SVHN': 0.7042042938392741,
[92mINFO [0m:      	                'SynthDigits': 0.8507557996497778,
[92mINFO [0m:      	                'USPS': 0.96875}),
[92mINFO [0m:      	              (11,
[92mINFO [0m:      	               {'MNIST': 0.9731114958248311,
[92mINFO [0m:      	                'MNIST_M': 0.8578629032258064,
[92mINFO [0m:      	                'SVHN': 0.7216774121188441,
[92mINFO [0m:      	                'SynthDigits': 0.8608870967741936,
[92mINFO [0m:      	                'USPS': 0.9711021505376344}),
[92mINFO [0m:      	              (12,
[92mINFO [0m:      	               {'MNIST': 0.9731182795698925,
[92mINFO [0m:      	                'MNIST_M': 0.8440860215053764,
[92mINFO [0m:      	                'SVHN': 0.7179734873153013,
[92mINFO [0m:      	                'SynthDigits': 0.8675654676623396,
[92mINFO [0m:      	                'USPS': 0.9630376344086023}),
[92mINFO [0m:      	              (13,
[92mINFO [0m:      	               {'MNIST': 0.9707661290322581,
[92mINFO [0m:      	                'MNIST_M': 0.8696236559139785,
[92mINFO [0m:      	                'SVHN': 0.7546188258874947,
[92mINFO [0m:      	                'SynthDigits': 0.8618580768173202,
[92mINFO [0m:      	                'USPS': 0.9721102150537635}),
[92mINFO [0m:      	              (14,
[92mINFO [0m:      	               {'MNIST': 0.9734466128308658,
[92mINFO [0m:      	                'MNIST_M': 0.8521505376344086,
[92mINFO [0m:      	                'SVHN': 0.7478997525289802,
[92mINFO [0m:      	                'SynthDigits': 0.8853800344433349,
[92mINFO [0m:      	                'USPS': 0.9761424731182795}),
[92mINFO [0m:      	              (15,
[92mINFO [0m:      	               {'MNIST': 0.9751253636087354,
[92mINFO [0m:      	                'MNIST_M': 0.8773521505376344,
[92mINFO [0m:      	                'SVHN': 0.7492483610471932,
[92mINFO [0m:      	                'SynthDigits': 0.8786962365591399,
[92mINFO [0m:      	                'USPS': 0.9751344086021505}),
[92mINFO [0m:      	              (16,
[92mINFO [0m:      	               {'MNIST': 0.9734543010752689,
[92mINFO [0m:      	                'MNIST_M': 0.8793682795698924,
[92mINFO [0m:      	                'SVHN': 0.7650431807985644,
[92mINFO [0m:      	                'SynthDigits': 0.8978110211435766,
[92mINFO [0m:      	                'USPS': 0.9798387096774194}),
[92mINFO [0m:      	              (17,
[92mINFO [0m:      	               {'MNIST': 0.9774865591397849,
[92mINFO [0m:      	                'MNIST_M': 0.9008736559139786,
[92mINFO [0m:      	                'SVHN': 0.7727771024182695,
[92mINFO [0m:      	                'SynthDigits': 0.8998655913978494,
[92mINFO [0m:      	                'USPS': 0.980510752688172}),
[92mINFO [0m:      	              (18,
[92mINFO [0m:      	               {'MNIST': 0.9784882921605234,
[92mINFO [0m:      	                'MNIST_M': 0.8746639784946236,
[92mINFO [0m:      	                'SVHN': 0.7818460650660647,
[92mINFO [0m:      	                'SynthDigits': 0.9032258064516129,
[92mINFO [0m:      	                'USPS': 0.9815188172043011}),
[92mINFO [0m:      	              (19,
[92mINFO [0m:      	               {'MNIST': 0.9774865591397849,
[92mINFO [0m:      	                'MNIST_M': 0.905241935483871,
[92mINFO [0m:      	                'SVHN': 0.7852117071158773,
[92mINFO [0m:      	                'SynthDigits': 0.9065860215053764,
[92mINFO [0m:      	                'USPS': 0.9845430107526881}),
[92mINFO [0m:      	              (20,
[92mINFO [0m:      	               {'MNIST': 0.980510752688172,
[92mINFO [0m:      	                'MNIST_M': 0.9032258064516129,
[92mINFO [0m:      	                'SVHN': 0.7966432220437344,
[92mINFO [0m:      	                'SynthDigits': 0.913978494623656,
[92mINFO [0m:      	                'USPS': 0.9751344086021505}),
[92mINFO [0m:      	              (21,
[92mINFO [0m:      	               {'MNIST': 0.9818489594639576,
[92mINFO [0m:      	                'MNIST_M': 0.8941532258064515,
[92mINFO [0m:      	                'SVHN': 0.7794893920317225,
[92mINFO [0m:      	                'SynthDigits': 0.8928091397849461,
[92mINFO [0m:      	                'USPS': 0.9848790322580645}),
[92mINFO [0m:      	              (22,
[92mINFO [0m:      	               {'MNIST': 0.981518817204301,
[92mINFO [0m:      	                'MNIST_M': 0.9159946236559139,
[92mINFO [0m:      	                'SVHN': 0.7946207615160857,
[92mINFO [0m:      	                'SynthDigits': 0.8974813311335909,
[92mINFO [0m:      	                'USPS': 0.98622311827957}),
[92mINFO [0m:      	              (23,
[92mINFO [0m:      	               {'MNIST': 0.9875631340540384,
[92mINFO [0m:      	                'MNIST_M': 0.921034946236559,
[92mINFO [0m:      	                'SVHN': 0.8117700690313899,
[92mINFO [0m:      	                'SynthDigits': 0.9223790322580646,
[92mINFO [0m:      	                'USPS': 0.981518817204301}),
[92mINFO [0m:      	              (24,
[92mINFO [0m:      	               {'MNIST': 0.9865591397849461,
[92mINFO [0m:      	                'MNIST_M': 0.915994623655914,
[92mINFO [0m:      	                'SVHN': 0.8020227318774511,
[92mINFO [0m:      	                'SynthDigits': 0.9186533994703252,
[92mINFO [0m:      	                'USPS': 0.9754704301075269}),
[92mINFO [0m:      	              (25,
[92mINFO [0m:      	               {'MNIST': 0.9805107526881721,
[92mINFO [0m:      	                'MNIST_M': 0.9338037634408601,
[92mINFO [0m:      	                'SVHN': 0.814451457329339,
[92mINFO [0m:      	                'SynthDigits': 0.9065593387748013,
[92mINFO [0m:      	                'USPS': 0.9751344086021505}),
[92mINFO [0m:      	              (26,
[92mINFO [0m:      	               {'MNIST': 0.9838709677419356,
[92mINFO [0m:      	                'MNIST_M': 0.9368279569892474,
[92mINFO [0m:      	                'SVHN': 0.8215119791892791,
[92mINFO [0m:      	                'SynthDigits': 0.9314516129032259,
[92mINFO [0m:      	                'USPS': 0.985215053763441}),
[92mINFO [0m:      	              (27,
[92mINFO [0m:      	               {'MNIST': 0.9885693895714843,
[92mINFO [0m:      	                'MNIST_M': 0.9405241935483871,
[92mINFO [0m:      	                'SVHN': 0.8262221595102678,
[92mINFO [0m:      	                'SynthDigits': 0.9230510752688174,
[92mINFO [0m:      	                'USPS': 0.9818548387096775}),
[92mINFO [0m:      	              (28,
[92mINFO [0m:      	               {'MNIST': 0.9899193548387096,
[92mINFO [0m:      	                'MNIST_M': 0.9294354838709679,
[92mINFO [0m:      	                'SVHN': 0.8315903631022157,
[92mINFO [0m:      	                'SynthDigits': 0.9381720430107529,
[92mINFO [0m:      	                'USPS': 0.9915994623655914}),
[92mINFO [0m:      	              (29,
[92mINFO [0m:      	               {'MNIST': 0.9872262080493206,
[92mINFO [0m:      	                'MNIST_M': 0.9411962365591396,
[92mINFO [0m:      	                'SVHN': 0.8336114668808521,
[92mINFO [0m:      	                'SynthDigits': 0.9294354838709676,
[92mINFO [0m:      	                'USPS': 0.9821908602150536}),
[92mINFO [0m:      	              (30,
[92mINFO [0m:      	               {'MNIST': 0.9905913978494624,
[92mINFO [0m:      	                'MNIST_M': 0.947244623655914,
[92mINFO [0m:      	                'SVHN': 0.8410075579964978,
[92mINFO [0m:      	                'SynthDigits': 0.9378360215053765,
[92mINFO [0m:      	                'USPS': 0.9845430107526881})],
[92mINFO [0m:      	 'losses': [(1,
[92mINFO [0m:      	             {'MNIST': 0.9112014121686419,
[92mINFO [0m:      	              'MNIST_M': 1.8844444726904233,
[92mINFO [0m:      	              'SVHN': 2.2115916361411414,
[92mINFO [0m:      	              'SynthDigits': 1.989763976385196,
[92mINFO [0m:      	              'USPS': 0.7272433585797747}),
[92mINFO [0m:      	            (2,
[92mINFO [0m:      	             {'MNIST': 0.6326228165999055,
[92mINFO [0m:      	              'MNIST_M': 1.523281170676152,
[92mINFO [0m:      	              'SVHN': 2.010912941147884,
[92mINFO [0m:      	              'SynthDigits': 1.6149622065325577,
[92mINFO [0m:      	              'USPS': 0.48933509007717174}),
[92mINFO [0m:      	            (3,
[92mINFO [0m:      	             {'MNIST': 0.4595735451827447,
[92mINFO [0m:      	              'MNIST_M': 1.3180964229007561,
[92mINFO [0m:      	              'SVHN': 1.7138793741663296,
[92mINFO [0m:      	              'SynthDigits': 1.2898434282590945,
[92mINFO [0m:      	              'USPS': 0.3891752236522734}),
[92mINFO [0m:      	            (4,
[92mINFO [0m:      	             {'MNIST': 0.3492117989808321,
[92mINFO [0m:      	              'MNIST_M': 1.147682869186004,
[92mINFO [0m:      	              'SVHN': 1.5123297969500225,
[92mINFO [0m:      	              'SynthDigits': 1.039970986545086,
[92mINFO [0m:      	              'USPS': 0.27718968425566953}),
[92mINFO [0m:      	            (5,
[92mINFO [0m:      	             {'MNIST': 0.28938422026112676,
[92mINFO [0m:      	              'MNIST_M': 0.9682317785918713,
[92mINFO [0m:      	              'SVHN': 1.3499182630330324,
[92mINFO [0m:      	              'SynthDigits': 0.9025461139778296,
[92mINFO [0m:      	              'USPS': 0.26445151628771174}),
[92mINFO [0m:      	            (6,
[92mINFO [0m:      	             {'MNIST': 0.2490725617390126,
[92mINFO [0m:      	              'MNIST_M': 0.88817841373384,
[92mINFO [0m:      	              'SVHN': 1.221425526464979,
[92mINFO [0m:      	              'SynthDigits': 0.7814009655267,
[92mINFO [0m:      	              'USPS': 0.2245798270838956}),
[92mINFO [0m:      	            (7,
[92mINFO [0m:      	             {'MNIST': 0.23362107248976827,
[92mINFO [0m:      	              'MNIST_M': 0.7689296988149484,
[92mINFO [0m:      	              'SVHN': 1.1322371494024992,
[92mINFO [0m:      	              'SynthDigits': 0.7019337201490998,
[92mINFO [0m:      	              'USPS': 0.21183527781007191}),
[92mINFO [0m:      	            (8,
[92mINFO [0m:      	             {'MNIST': 0.19078458201450607,
[92mINFO [0m:      	              'MNIST_M': 0.7693331871802608,
[92mINFO [0m:      	              'SVHN': 1.0521825297425191,
[92mINFO [0m:      	              'SynthDigits': 0.6431372013563911,
[92mINFO [0m:      	              'USPS': 0.17357976346587142}),
[92mINFO [0m:      	            (9,
[92mINFO [0m:      	             {'MNIST': 0.18593778426293284,
[92mINFO [0m:      	              'MNIST_M': 0.6704922073210279,
[92mINFO [0m:      	              'SVHN': 1.013890329748392,
[92mINFO [0m:      	              'SynthDigits': 0.6338182653610905,
[92mINFO [0m:      	              'USPS': 0.16851818355886886}),
[92mINFO [0m:      	            (10,
[92mINFO [0m:      	             {'MNIST': 0.1670988949093347,
[92mINFO [0m:      	              'MNIST_M': 0.6364063210785389,
[92mINFO [0m:      	              'SVHN': 0.9579073283821344,
[92mINFO [0m:      	              'SynthDigits': 0.5456142102678617,
[92mINFO [0m:      	              'USPS': 0.14431159846329442}),
[92mINFO [0m:      	            (11,
[92mINFO [0m:      	             {'MNIST': 0.15323934657499194,
[92mINFO [0m:      	              'MNIST_M': 0.5720775844529271,
[92mINFO [0m:      	              'SVHN': 0.9289143787076076,
[92mINFO [0m:      	              'SynthDigits': 0.5061865947209299,
[92mINFO [0m:      	              'USPS': 0.1270764795675253}),
[92mINFO [0m:      	            (12,
[92mINFO [0m:      	             {'MNIST': 0.14625545113813132,
[92mINFO [0m:      	              'MNIST_M': 0.5700157098472118,
[92mINFO [0m:      	              'SVHN': 0.8950604793305198,
[92mINFO [0m:      	              'SynthDigits': 0.47730351456751424,
[92mINFO [0m:      	              'USPS': 0.1547887812096936}),
[92mINFO [0m:      	            (13,
[92mINFO [0m:      	             {'MNIST': 0.14205109172811112,
[92mINFO [0m:      	              'MNIST_M': 0.5134244685371717,
[92mINFO [0m:      	              'SVHN': 0.8165063044677178,
[92mINFO [0m:      	              'SynthDigits': 0.4853214342147112,
[92mINFO [0m:      	              'USPS': 0.12585686275269836}),
[92mINFO [0m:      	            (14,
[92mINFO [0m:      	             {'MNIST': 0.13303760047225902,
[92mINFO [0m:      	              'MNIST_M': 0.5302749754240116,
[92mINFO [0m:      	              'SVHN': 0.8145846215387186,
[92mINFO [0m:      	              'SynthDigits': 0.4265853416485091,
[92mINFO [0m:      	              'USPS': 0.10219404858071357}),
[92mINFO [0m:      	            (15,
[92mINFO [0m:      	             {'MNIST': 0.11496502025208126,
[92mINFO [0m:      	              'MNIST_M': 0.4599655776595076,
[92mINFO [0m:      	              'SVHN': 0.7999339019879699,
[92mINFO [0m:      	              'SynthDigits': 0.4406536053866148,
[92mINFO [0m:      	              'USPS': 0.10928473326688011}),
[92mINFO [0m:      	            (16,
[92mINFO [0m:      	             {'MNIST': 0.11655972991138697,
[92mINFO [0m:      	              'MNIST_M': 0.45103019863987964,
[92mINFO [0m:      	              'SVHN': 0.765871080259482,
[92mINFO [0m:      	              'SynthDigits': 0.3859928611976405,
[92mINFO [0m:      	              'USPS': 0.09441805724054575}),
[92mINFO [0m:      	            (17,
[92mINFO [0m:      	             {'MNIST': 0.10539399487121652,
[92mINFO [0m:      	              'MNIST_M': 0.40584955799082917,
[92mINFO [0m:      	              'SVHN': 0.7396310089776913,
[92mINFO [0m:      	              'SynthDigits': 0.3832905786111951,
[92mINFO [0m:      	              'USPS': 0.08760478277690709}),
[92mINFO [0m:      	            (18,
[92mINFO [0m:      	             {'MNIST': 0.09777860128087923,
[92mINFO [0m:      	              'MNIST_M': 0.46231825634216267,
[92mINFO [0m:      	              'SVHN': 0.7176855886355042,
[92mINFO [0m:      	              'SynthDigits': 0.3782896295500298,
[92mINFO [0m:      	              'USPS': 0.08498062601817462}),
[92mINFO [0m:      	            (19,
[92mINFO [0m:      	             {'MNIST': 0.10096626914067504,
[92mINFO [0m:      	              'MNIST_M': 0.3821373033958177,
[92mINFO [0m:      	              'SVHN': 0.7029792116954923,
[92mINFO [0m:      	              'SynthDigits': 0.3531066133485486,
[92mINFO [0m:      	              'USPS': 0.07511995651293546}),
[92mINFO [0m:      	            (20,
[92mINFO [0m:      	             {'MNIST': 0.08996598366259907,
[92mINFO [0m:      	              'MNIST_M': 0.38467506660769385,
[92mINFO [0m:      	              'SVHN': 0.6714480106408397,
[92mINFO [0m:      	              'SynthDigits': 0.3307105425822859,
[92mINFO [0m:      	              'USPS': 0.11510439855434622}),
[92mINFO [0m:      	            (21,
[92mINFO [0m:      	             {'MNIST': 0.0760560040071141,
[92mINFO [0m:      	              'MNIST_M': 0.40622146272410947,
[92mINFO [0m:      	              'SVHN': 0.6947066557283202,
[92mINFO [0m:      	              'SynthDigits': 0.37830078275874257,
[92mINFO [0m:      	              'USPS': 0.07086070091463625}),
[92mINFO [0m:      	            (22,
[92mINFO [0m:      	             {'MNIST': 0.08914462051082712,
[92mINFO [0m:      	              'MNIST_M': 0.34418094499657553,
[92mINFO [0m:      	              'SVHN': 0.6712995575120052,
[92mINFO [0m:      	              'SynthDigits': 0.3806943402936061,
[92mINFO [0m:      	              'USPS': 0.07231851108372211}),
[92mINFO [0m:      	            (23,
[92mINFO [0m:      	             {'MNIST': 0.07140855498922367,
[92mINFO [0m:      	              'MNIST_M': 0.3436595010571182,
[92mINFO [0m:      	              'SVHN': 0.6125936467821399,
[92mINFO [0m:      	              'SynthDigits': 0.293588049011305,
[92mINFO [0m:      	              'USPS': 0.08635333899292164}),
[92mINFO [0m:      	            (24,
[92mINFO [0m:      	             {'MNIST': 0.06894338943917926,
[92mINFO [0m:      	              'MNIST_M': 0.32339103349174064,
[92mINFO [0m:      	              'SVHN': 0.6318112180257837,
[92mINFO [0m:      	              'SynthDigits': 0.31478369468823075,
[92mINFO [0m:      	              'USPS': 0.10730282678074825}),
[92mINFO [0m:      	            (25,
[92mINFO [0m:      	             {'MNIST': 0.08038159946833427,
[92mINFO [0m:      	              'MNIST_M': 0.3074258289610346,
[92mINFO [0m:      	              'SVHN': 0.6265053652847806,
[92mINFO [0m:      	              'SynthDigits': 0.34029834003498155,
[92mINFO [0m:      	              'USPS': 0.10623394268138024}),
[92mINFO [0m:      	            (26,
[92mINFO [0m:      	             {'MNIST': 0.06462452575700202,
[92mINFO [0m:      	              'MNIST_M': 0.27857018789897364,
[92mINFO [0m:      	              'SVHN': 0.5842276817808548,
[92mINFO [0m:      	              'SynthDigits': 0.2704158547955255,
[92mINFO [0m:      	              'USPS': 0.0697950967005454}),
[92mINFO [0m:      	            (27,
[92mINFO [0m:      	             {'MNIST': 0.06281862280836019,
[92mINFO [0m:      	              'MNIST_M': 0.28052646728853387,
[92mINFO [0m:      	              'SVHN': 0.5686863977462053,
[92mINFO [0m:      	              'SynthDigits': 0.2894623502312849,
[92mINFO [0m:      	              'USPS': 0.08718768199226663}),
[92mINFO [0m:      	            (28,
[92mINFO [0m:      	             {'MNIST': 0.05660668411292136,
[92mINFO [0m:      	              'MNIST_M': 0.2895776368677616,
[92mINFO [0m:      	              'SVHN': 0.5709224489207069,
[92mINFO [0m:      	              'SynthDigits': 0.25171313093354303,
[92mINFO [0m:      	              'USPS': 0.057478740209868796}),
[92mINFO [0m:      	            (29,
[92mINFO [0m:      	             {'MNIST': 0.05714736738203404,
[92mINFO [0m:      	              'MNIST_M': 0.2565497658215463,
[92mINFO [0m:      	              'SVHN': 0.5464462277789911,
[92mINFO [0m:      	              'SynthDigits': 0.27439963771030307,
[92mINFO [0m:      	              'USPS': 0.07233058839725952}),
[92mINFO [0m:      	            (30,
[92mINFO [0m:      	             {'MNIST': 0.05103747805696912,
[92mINFO [0m:      	              'MNIST_M': 0.23813173229185244,
[92mINFO [0m:      	              'SVHN': 0.5129188547531763,
[92mINFO [0m:      	              'SynthDigits': 0.25016721019831795,
[92mINFO [0m:      	              'USPS': 0.06663618221258123})],
[92mINFO [0m:      	 'min_client_accuracy': [(1, 0.18010752688172044),
[92mINFO [0m:      	                         (2, 0.29071332436069985),
[92mINFO [0m:      	                         (3, 0.4112903225806452),
[92mINFO [0m:      	                         (4, 0.49731182795698925),
[92mINFO [0m:      	                         (5, 0.5564516129032258),
[92mINFO [0m:      	                         (6, 0.6115591397849462),
[92mINFO [0m:      	                         (7, 0.6352624495289367),
[92mINFO [0m:      	                         (8, 0.6608344549125168),
[92mINFO [0m:      	                         (9, 0.6621803499327052),
[92mINFO [0m:      	                         (10, 0.6895161290322581),
[92mINFO [0m:      	                         (11, 0.7119784656796769),
[92mINFO [0m:      	                         (12, 0.6890982503364738),
[92mINFO [0m:      	                         (13, 0.7432795698924731),
[92mINFO [0m:      	                         (14, 0.7271505376344086),
[92mINFO [0m:      	                         (15, 0.7311827956989247),
[92mINFO [0m:      	                         (16, 0.7526881720430108),
[92mINFO [0m:      	                         (17, 0.7580645161290323),
[92mINFO [0m:      	                         (18, 0.7738896366083445),
[92mINFO [0m:      	                         (19, 0.7795698924731183),
[92mINFO [0m:      	                         (20, 0.7809139784946236),
[92mINFO [0m:      	                         (21, 0.7604306864064603),
[92mINFO [0m:      	                         (22, 0.7849462365591398),
[92mINFO [0m:      	                         (23, 0.7795698924731183),
[92mINFO [0m:      	                         (24, 0.7916666666666666),
[92mINFO [0m:      	                         (25, 0.8075370121130552),
[92mINFO [0m:      	                         (26, 0.8010752688172043),
[92mINFO [0m:      	                         (27, 0.8172043010752689),
[92mINFO [0m:      	                         (28, 0.8129205921938089),
[92mINFO [0m:      	                         (29, 0.8158602150537635),
[92mINFO [0m:      	                         (30, 0.8306451612903226)],
[92mINFO [0m:      	 'num_clients_reported': [(1, 20),
[92mINFO [0m:      	                          (2, 20),
[92mINFO [0m:      	                          (3, 20),
[92mINFO [0m:      	                          (4, 20),
[92mINFO [0m:      	                          (5, 20),
[92mINFO [0m:      	                          (6, 20),
[92mINFO [0m:      	                          (7, 20),
[92mINFO [0m:      	                          (8, 20),
[92mINFO [0m:      	                          (9, 20),
[92mINFO [0m:      	                          (10, 20),
[92mINFO [0m:      	                          (11, 20),
[92mINFO [0m:      	                          (12, 20),
[92mINFO [0m:      	                          (13, 20),
[92mINFO [0m:      	                          (14, 20),
[92mINFO [0m:      	                          (15, 20),
[92mINFO [0m:      	                          (16, 20),
[92mINFO [0m:      	                          (17, 20),
[92mINFO [0m:      	                          (18, 20),
[92mINFO [0m:      	                          (19, 20),
[92mINFO [0m:      	                          (20, 20),
[92mINFO [0m:      	                          (21, 20),
[92mINFO [0m:      	                          (22, 20),
[92mINFO [0m:      	                          (23, 20),
[92mINFO [0m:      	                          (24, 20),
[92mINFO [0m:      	                          (25, 20),
[92mINFO [0m:      	                          (26, 20),
[92mINFO [0m:      	                          (27, 20),
[92mINFO [0m:      	                          (28, 20),
[92mINFO [0m:      	                          (29, 20),
[92mINFO [0m:      	                          (30, 20)],
[92mINFO [0m:      	 'overall_accuracy': [(1, 0.5027712050825627),
[92mINFO [0m:      	                      (2, 0.6345625479384651),
[92mINFO [0m:      	                      (3, 0.7088074718881605),
[92mINFO [0m:      	                      (4, 0.762247282883978),
[92mINFO [0m:      	                      (5, 0.7929821705089799),
[92mINFO [0m:      	                      (6, 0.8128109668736162),
[92mINFO [0m:      	                      (7, 0.8328352255459558),
[92mINFO [0m:      	                      (8, 0.8433795170697116),
[92mINFO [0m:      	                      (9, 0.8527310453117991),
[92mINFO [0m:      	                      (10, 0.863142556332219),
[92mINFO [0m:      	                      (11, 0.8769282116962619),
[92mINFO [0m:      	                      (12, 0.8731561780923023),
[92mINFO [0m:      	                      (13, 0.885795380540963),
[92mINFO [0m:      	                      (14, 0.8870038821111738),
[92mINFO [0m:      	                      (15, 0.8911113040709707),
[92mINFO [0m:      	                      (16, 0.8991030984529442),
[92mINFO [0m:      	                      (17, 0.9063027323116108),
[92mINFO [0m:      	                      (18, 0.9039485918754251),
[92mINFO [0m:      	                      (19, 0.9118138467995195),
[92mINFO [0m:      	                      (20, 0.9138985368818652),
[92mINFO [0m:      	                      (21, 0.9066359498690285),
[92mINFO [0m:      	                      (22, 0.9151677303578922),
[92mINFO [0m:      	                      (23, 0.9248531997568706),
[92mINFO [0m:      	                      (24, 0.9197400649792328),
[92mINFO [0m:      	                      (25, 0.9220919441670646),
[92mINFO [0m:      	                      (26, 0.9317755141174258),
[92mINFO [0m:      	                      (27, 0.9320443313217268),
[92mINFO [0m:      	                      (28, 0.9361433414376474),
[92mINFO [0m:      	                      (29, 0.9347320511150667),
[92mINFO [0m:      	                      (30, 0.9402445223519877)],
[92mINFO [0m:      	 'pre_train_accuracies': [(1,
[92mINFO [0m:      	                           {'MNIST': 0.10315860215053763,
[92mINFO [0m:      	                            'MNIST_M': 0.11189516129032258,
[92mINFO [0m:      	                            'SVHN': 0.06588237528763079,
[92mINFO [0m:      	                            'SynthDigits': 0.104502688172043,
[92mINFO [0m:      	                            'USPS': 0.17002688172043012}),
[92mINFO [0m:      	                          (2,
[92mINFO [0m:      	                           {'MNIST': 0.17069892473118278,
[92mINFO [0m:      	                            'MNIST_M': 0.3225806451612903,
[92mINFO [0m:      	                            'SVHN': 0.16067933327544537,
[92mINFO [0m:      	                            'SynthDigits': 0.19119623655913978,
[92mINFO [0m:      	                            'USPS': 0.5315860215053764}),
[92mINFO [0m:      	                          (3,
[92mINFO [0m:      	                           {'MNIST': 0.6565860215053764,
[92mINFO [0m:      	                            'MNIST_M': 0.5225134408602151,
[92mINFO [0m:      	                            'SVHN': 0.32907902068047296,
[92mINFO [0m:      	                            'SynthDigits': 0.45042936583742166,
[92mINFO [0m:      	                            'USPS': 0.876008064516129}),
[92mINFO [0m:      	                          (4,
[92mINFO [0m:      	                           {'MNIST': 0.8481182795698925,
[92mINFO [0m:      	                            'MNIST_M': 0.6488575268817204,
[92mINFO [0m:      	                            'SVHN': 0.4487402133171247,
[92mINFO [0m:      	                            'SynthDigits': 0.6208501570210857,
[92mINFO [0m:      	                            'USPS': 0.927755376344086}),
[92mINFO [0m:      	                          (5,
[92mINFO [0m:      	                           {'MNIST': 0.9055779569892474,
[92mINFO [0m:      	                            'MNIST_M': 0.7221102150537635,
[92mINFO [0m:      	                            'SVHN': 0.5240311907552931,
[92mINFO [0m:      	                            'SynthDigits': 0.7271505376344085,
[92mINFO [0m:      	                            'USPS': 0.936491935483871}),
[92mINFO [0m:      	                          (6,
[92mINFO [0m:      	                           {'MNIST': 0.9411962365591399,
[92mINFO [0m:      	                            'MNIST_M': 0.729502688172043,
[92mINFO [0m:      	                            'SVHN': 0.5610098373348383,
[92mINFO [0m:      	                            'SynthDigits': 0.7526881720430106,
[92mINFO [0m:      	                            'USPS': 0.9469086021505376}),
[92mINFO [0m:      	                          (7,
[92mINFO [0m:      	                           {'MNIST': 0.9536118467705755,
[92mINFO [0m:      	                            'MNIST_M': 0.792002688172043,
[92mINFO [0m:      	                            'SVHN': 0.6467116021939535,
[92mINFO [0m:      	                            'SynthDigits': 0.79502688172043,
[92mINFO [0m:      	                            'USPS': 0.9546370967741935}),
[92mINFO [0m:      	                          (8,
[92mINFO [0m:      	                           {'MNIST': 0.9613575268817205,
[92mINFO [0m:      	                            'MNIST_M': 0.8067876344086021,
[92mINFO [0m:      	                            'SVHN': 0.6763081773976468,
[92mINFO [0m:      	                            'SynthDigits': 0.8171409861213621,
[92mINFO [0m:      	                            'USPS': 0.95497311827957}),
[92mINFO [0m:      	                          (9,
[92mINFO [0m:      	                           {'MNIST': 0.9495809454550717,
[92mINFO [0m:      	                            'MNIST_M': 0.8279569892473119,
[92mINFO [0m:      	                            'SVHN': 0.7042024848405911,
[92mINFO [0m:      	                            'SynthDigits': 0.8289650537634409,
[92mINFO [0m:      	                            'USPS': 0.9576612903225806}),
[92mINFO [0m:      	                          (10,
[92mINFO [0m:      	                           {'MNIST': 0.9663978494623656,
[92mINFO [0m:      	                            'MNIST_M': 0.8182123655913979,
[92mINFO [0m:      	                            'SVHN': 0.718320362812776,
[92mINFO [0m:      	                            'SynthDigits': 0.8309228425881706,
[92mINFO [0m:      	                            'USPS': 0.9700940860215054}),
[92mINFO [0m:      	                          (11,
[92mINFO [0m:      	                           {'MNIST': 0.9700863977771025,
[92mINFO [0m:      	                            'MNIST_M': 0.875,
[92mINFO [0m:      	                            'SVHN': 0.719666710082635,
[92mINFO [0m:      	                            'SynthDigits': 0.8555107526881721,
[92mINFO [0m:      	                            'USPS': 0.9711021505376345}),
[92mINFO [0m:      	                          (12,
[92mINFO [0m:      	                           {'MNIST': 0.9741263440860215,
[92mINFO [0m:      	                            'MNIST_M': 0.8538306451612904,
[92mINFO [0m:      	                            'SVHN': 0.7297532344896452,
[92mINFO [0m:      	                            'SynthDigits': 0.8668889021548791,
[92mINFO [0m:      	                            'USPS': 0.963709677419355}),
[92mINFO [0m:      	                          (13,
[92mINFO [0m:      	                           {'MNIST': 0.9707661290322581,
[92mINFO [0m:      	                            'MNIST_M': 0.8783602150537635,
[92mINFO [0m:      	                            'SVHN': 0.7482393920317225,
[92mINFO [0m:      	                            'SynthDigits': 0.8692482886872458,
[92mINFO [0m:      	                            'USPS': 0.976478494623656}),
[92mINFO [0m:      	                          (14,
[92mINFO [0m:      	                           {'MNIST': 0.9754604806147701,
[92mINFO [0m:      	                            'MNIST_M': 0.8800403225806451,
[92mINFO [0m:      	                            'SVHN': 0.7630247905179525,
[92mINFO [0m:      	                            'SynthDigits': 0.8880686587360165,
[92mINFO [0m:      	                            'USPS': 0.9761424731182796}),
[92mINFO [0m:      	                          (15,
[92mINFO [0m:      	                           {'MNIST': 0.9818503162129698,
[92mINFO [0m:      	                            'MNIST_M': 0.9038978494623655,
[92mINFO [0m:      	                            'SVHN': 0.7815172795554205,
[92mINFO [0m:      	                            'SynthDigits': 0.879032258064516,
[92mINFO [0m:      	                            'USPS': 0.9744623655913977}),
[92mINFO [0m:      	                          (16,
[92mINFO [0m:      	                           {'MNIST': 0.9771505376344086,
[92mINFO [0m:      	                            'MNIST_M': 0.896505376344086,
[92mINFO [0m:      	                            'SVHN': 0.7936086267529197,
[92mINFO [0m:      	                            'SynthDigits': 0.9048760655002243,
[92mINFO [0m:      	                            'USPS': 0.9855510752688174}),
[92mINFO [0m:      	                          (17,
[92mINFO [0m:      	                           {'MNIST': 0.9791666666666666,
[92mINFO [0m:      	                            'MNIST_M': 0.9196908602150536,
[92mINFO [0m:      	                            'SVHN': 0.7915952112186861,
[92mINFO [0m:      	                            'SynthDigits': 0.905241935483871,
[92mINFO [0m:      	                            'USPS': 0.9885752688172044}),
[92mINFO [0m:      	                          (18,
[92mINFO [0m:      	                           {'MNIST': 0.981176464203534,
[92mINFO [0m:      	                            'MNIST_M': 0.9018817204301075,
[92mINFO [0m:      	                            'SVHN': 0.8057121846915295,
[92mINFO [0m:      	                            'SynthDigits': 0.9096102150537635,
[92mINFO [0m:      	                            'USPS': 0.9909274193548389}),
[92mINFO [0m:      	                          (19,
[92mINFO [0m:      	                           {'MNIST': 0.9825268817204301,
[92mINFO [0m:      	                            'MNIST_M': 0.9210349462365591,
[92mINFO [0m:      	                            'SVHN': 0.8040343384130016,
[92mINFO [0m:      	                            'SynthDigits': 0.908266129032258,
[92mINFO [0m:      	                            'USPS': 0.9879032258064516}),
[92mINFO [0m:      	                          (20,
[92mINFO [0m:      	                           {'MNIST': 0.9818548387096774,
[92mINFO [0m:      	                            'MNIST_M': 0.932459677419355,
[92mINFO [0m:      	                            'SVHN': 0.8188238071462685,
[92mINFO [0m:      	                            'SynthDigits': 0.9119623655913979,
[92mINFO [0m:      	                            'USPS': 0.9805107526881721}),
[92mINFO [0m:      	                          (21,
[92mINFO [0m:      	                           {'MNIST': 0.985546100522439,
[92mINFO [0m:      	                            'MNIST_M': 0.9146505376344086,
[92mINFO [0m:      	                            'SVHN': 0.8369680639372495,
[92mINFO [0m:      	                            'SynthDigits': 0.9035618279569891,
[92mINFO [0m:      	                            'USPS': 0.988239247311828}),
[92mINFO [0m:      	                          (22,
[92mINFO [0m:      	                           {'MNIST': 0.9848790322580646,
[92mINFO [0m:      	                            'MNIST_M': 0.9233870967741936,
[92mINFO [0m:      	                            'SVHN': 0.8265536585189365,
[92mINFO [0m:      	                            'SynthDigits': 0.9146211414058091,
[92mINFO [0m:      	                            'USPS': 0.9929435483870966}),
[92mINFO [0m:      	                          (23,
[92mINFO [0m:      	                           {'MNIST': 0.9915953921185546,
[92mINFO [0m:      	                            'MNIST_M': 0.9351478494623656,
[92mINFO [0m:      	                            'SVHN': 0.8416823145052751,
[92mINFO [0m:      	                            'SynthDigits': 0.9240591397849464,
[92mINFO [0m:      	                            'USPS': 0.9875672043010754}),
[92mINFO [0m:      	                          (24,
[92mINFO [0m:      	                           {'MNIST': 0.990255376344086,
[92mINFO [0m:      	                            'MNIST_M': 0.9398521505376345,
[92mINFO [0m:      	                            'SVHN': 0.8463893290785686,
[92mINFO [0m:      	                            'SynthDigits': 0.9317641174257224,
[92mINFO [0m:      	                            'USPS': 0.9831989247311826}),
[92mINFO [0m:      	                          (25,
[92mINFO [0m:      	                           {'MNIST': 0.9872311827956989,
[92mINFO [0m:      	                            'MNIST_M': 0.9435483870967741,
[92mINFO [0m:      	                            'SVHN': 0.8453767420657318,
[92mINFO [0m:      	                            'SynthDigits': 0.9253846835699503,
[92mINFO [0m:      	                            'USPS': 0.981518817204301}),
[92mINFO [0m:      	                          (26,
[92mINFO [0m:      	                           {'MNIST': 0.9922715053763441,
[92mINFO [0m:      	                            'MNIST_M': 0.965725806451613,
[92mINFO [0m:      	                            'SVHN': 0.8470586585912966,
[92mINFO [0m:      	                            'SynthDigits': 0.9415322580645161,
[92mINFO [0m:      	                            'USPS': 0.9919354838709676}),
[92mINFO [0m:      	                          (27,
[92mINFO [0m:      	                           {'MNIST': 0.9929399303897307,
[92mINFO [0m:      	                            'MNIST_M': 0.9495967741935484,
[92mINFO [0m:      	                            'SVHN': 0.8541196327009074,
[92mINFO [0m:      	                            'SynthDigits': 0.9432123655913979,
[92mINFO [0m:      	                            'USPS': 0.9845430107526881}),
[92mINFO [0m:      	                          (28,
[92mINFO [0m:      	                           {'MNIST': 0.9959677419354839,
[92mINFO [0m:      	                            'MNIST_M': 0.9499327956989246,
[92mINFO [0m:      	                            'SVHN': 0.8490775011215792,
[92mINFO [0m:      	                            'SynthDigits': 0.9465725806451614,
[92mINFO [0m:      	                            'USPS': 0.9926075268817204}),
[92mINFO [0m:      	                          (29,
[92mINFO [0m:      	                           {'MNIST': 0.99327776089379,
[92mINFO [0m:      	                            'MNIST_M': 0.9650537634408601,
[92mINFO [0m:      	                            'SVHN': 0.8695766219482192,
[92mINFO [0m:      	                            'SynthDigits': 0.9428763440860215,
[92mINFO [0m:      	                            'USPS': 0.9915994623655915}),
[92mINFO [0m:      	                          (30,
[92mINFO [0m:      	                           {'MNIST': 0.9926075268817204,
[92mINFO [0m:      	                            'MNIST_M': 0.9731182795698925,
[92mINFO [0m:      	                            'SVHN': 0.8665533328991736,
[92mINFO [0m:      	                            'SynthDigits': 0.9465725806451614,
[92mINFO [0m:      	                            'USPS': 0.992271505376344})],
[92mINFO [0m:      	 'pre_train_losses': [(1,
[92mINFO [0m:      	                       {'MNIST': 2.303691697617372,
[92mINFO [0m:      	                        'MNIST_M': 2.303633473813534,
[92mINFO [0m:      	                        'SVHN': 2.309250925978025,
[92mINFO [0m:      	                        'SynthDigits': 2.303363154331843,
[92mINFO [0m:      	                        'USPS': 2.3011191139618554}),
[92mINFO [0m:      	                      (2,
[92mINFO [0m:      	                       {'MNIST': 2.086012580742439,
[92mINFO [0m:      	                        'MNIST_M': 2.174584915240606,
[92mINFO [0m:      	                        'SVHN': 2.2816620791951814,
[92mINFO [0m:      	                        'SynthDigits': 2.230601208905379,
[92mINFO [0m:      	                        'USPS': 2.0161381190021834}),
[92mINFO [0m:      	                      (3,
[92mINFO [0m:      	                       {'MNIST': 1.1889944324890773,
[92mINFO [0m:      	                        'MNIST_M': 1.6469745424886544,
[92mINFO [0m:      	                        'SVHN': 2.037315278003613,
[92mINFO [0m:      	                        'SynthDigits': 1.764564298093319,
[92mINFO [0m:      	                        'USPS': 0.8122892683992783}),
[92mINFO [0m:      	                      (4,
[92mINFO [0m:      	                       {'MNIST': 0.6958494518573085,
[92mINFO [0m:      	                        'MNIST_M': 1.3150008736799161,
[92mINFO [0m:      	                        'SVHN': 1.771027425924937,
[92mINFO [0m:      	                        'SynthDigits': 1.3617837851246197,
[92mINFO [0m:      	                        'USPS': 0.4450051464761297}),
[92mINFO [0m:      	                      (5,
[92mINFO [0m:      	                       {'MNIST': 0.5057596210390329,
[92mINFO [0m:      	                        'MNIST_M': 1.0819747367252905,
[92mINFO [0m:      	                        'SVHN': 1.5705707954863708,
[92mINFO [0m:      	                        'SynthDigits': 1.0707149325559537,
[92mINFO [0m:      	                        'USPS': 0.3548395186662674}),
[92mINFO [0m:      	                      (6,
[92mINFO [0m:      	                       {'MNIST': 0.36642700697605807,
[92mINFO [0m:      	                        'MNIST_M': 0.9958619611958662,
[92mINFO [0m:      	                        'SVHN': 1.4375657228132088,
[92mINFO [0m:      	                        'SynthDigits': 0.9329539413253466,
[92mINFO [0m:      	                        'USPS': 0.2695084997297575}),
[92mINFO [0m:      	                      (7,
[92mINFO [0m:      	                       {'MNIST': 0.2808719830742727,
[92mINFO [0m:      	                        'MNIST_M': 0.8486409708857536,
[92mINFO [0m:      	                        'SVHN': 1.2484784256666899,
[92mINFO [0m:      	                        'SynthDigits': 0.7855750440309445,
[92mINFO [0m:      	                        'USPS': 0.24789889537108442}),
[92mINFO [0m:      	                      (8,
[92mINFO [0m:      	                       {'MNIST': 0.2249306347221136,
[92mINFO [0m:      	                        'MNIST_M': 0.801641357752184,
[92mINFO [0m:      	                        'SVHN': 1.1447229472299416,
[92mINFO [0m:      	                        'SynthDigits': 0.7092275271813074,
[92mINFO [0m:      	                        'USPS': 0.20279318753940365}),
[92mINFO [0m:      	                      (9,
[92mINFO [0m:      	                       {'MNIST': 0.23636009474284947,
[92mINFO [0m:      	                        'MNIST_M': 0.7068366790190339,
[92mINFO [0m:      	                        'SVHN': 1.0616847618172567,
[92mINFO [0m:      	                        'SynthDigits': 0.6734428759664297,
[92mINFO [0m:      	                        'USPS': 0.206046084407717}),
[92mINFO [0m:      	                      (10,
[92mINFO [0m:      	                       {'MNIST': 0.15864156295234957,
[92mINFO [0m:      	                        'MNIST_M': 0.6846836142552396,
[92mINFO [0m:      	                        'SVHN': 1.0033115800470114,
[92mINFO [0m:      	                        'SynthDigits': 0.6231196207615236,
[92mINFO [0m:      	                        'USPS': 0.15251185442321002}),
[92mINFO [0m:      	                      (11,
[92mINFO [0m:      	                       {'MNIST': 0.1510207805937777,
[92mINFO [0m:      	                        'MNIST_M': 0.5882893825570742,
[92mINFO [0m:      	                        'SVHN': 0.9703426385919253,
[92mINFO [0m:      	                        'SynthDigits': 0.5488018651182452,
[92mINFO [0m:      	                        'USPS': 0.14211685043604425}),
[92mINFO [0m:      	                      (12,
[92mINFO [0m:      	                       {'MNIST': 0.1374727983105307,
[92mINFO [0m:      	                        'MNIST_M': 0.5791188900669416,
[92mINFO [0m:      	                        'SVHN': 0.9283694997429848,
[92mINFO [0m:      	                        'SynthDigits': 0.49386276428898174,
[92mINFO [0m:      	                        'USPS': 0.16271111035409072}),
[92mINFO [0m:      	                      (13,
[92mINFO [0m:      	                       {'MNIST': 0.143365496963573,
[92mINFO [0m:      	                        'MNIST_M': 0.5195538892100254,
[92mINFO [0m:      	                        'SVHN': 0.8649645100037257,
[92mINFO [0m:      	                        'SynthDigits': 0.5113474340178072,
[92mINFO [0m:      	                        'USPS': 0.11954853276256472}),
[92mINFO [0m:      	                      (14,
[92mINFO [0m:      	                       {'MNIST': 0.11743103957269341,
[92mINFO [0m:      	                        'MNIST_M': 0.5092502238694578,
[92mINFO [0m:      	                        'SVHN': 0.8171168432260553,
[92mINFO [0m:      	                        'SynthDigits': 0.4454506510713448,
[92mINFO [0m:      	                        'USPS': 0.10317954834317788}),
[92mINFO [0m:      	                      (15,
[92mINFO [0m:      	                       {'MNIST': 0.10159925289917737,
[92mINFO [0m:      	                        'MNIST_M': 0.4694160494642953,
[92mINFO [0m:      	                        'SVHN': 0.775923028588295,
[92mINFO [0m:      	                        'SynthDigits': 0.45055080732951563,
[92mINFO [0m:      	                        'USPS': 0.1189118269442891}),
[92mINFO [0m:      	                      (16,
[92mINFO [0m:      	                       {'MNIST': 0.10432679454485576,
[92mINFO [0m:      	                        'MNIST_M': 0.46341133148719865,
[92mINFO [0m:      	                        'SVHN': 0.7390548040469488,
[92mINFO [0m:      	                        'SynthDigits': 0.39091593492776155,
[92mINFO [0m:      	                        'USPS': 0.08658810064662248}),
[92mINFO [0m:      	                      (17,
[92mINFO [0m:      	                       {'MNIST': 0.09395712126085225,
[92mINFO [0m:      	                        'MNIST_M': 0.40752651379443705,
[92mINFO [0m:      	                        'SVHN': 0.7312695619960626,
[92mINFO [0m:      	                        'SynthDigits': 0.38076952612027526,
[92mINFO [0m:      	                        'USPS': 0.0782847399241291}),
[92mINFO [0m:      	                      (18,
[92mINFO [0m:      	                       {'MNIST': 0.08895129673571016,
[92mINFO [0m:      	                        'MNIST_M': 0.4346750720093648,
[92mINFO [0m:      	                        'SVHN': 0.6928886290018758,
[92mINFO [0m:      	                        'SynthDigits': 0.36111993389204144,
[92mINFO [0m:      	                        'USPS': 0.06771753018256277}),
[92mINFO [0m:      	                      (19,
[92mINFO [0m:      	                       {'MNIST': 0.08177472039824352,
[92mINFO [0m:      	                        'MNIST_M': 0.39475139044225216,
[92mINFO [0m:      	                        'SVHN': 0.6653043379386266,
[92mINFO [0m:      	                        'SynthDigits': 0.35471418919041753,
[92mINFO [0m:      	                        'USPS': 0.0739691118360497}),
[92mINFO [0m:      	                      (20,
[92mINFO [0m:      	                       {'MNIST': 0.07772012658824679,
[92mINFO [0m:      	                        'MNIST_M': 0.35271733890598017,
[92mINFO [0m:      	                        'SVHN': 0.6404512530813614,
[92mINFO [0m:      	                        'SynthDigits': 0.33990739200574654,
[92mINFO [0m:      	                        'USPS': 0.09557303907543731}),
[92mINFO [0m:      	                      (21,
[92mINFO [0m:      	                       {'MNIST': 0.07318589010780367,
[92mINFO [0m:      	                        'MNIST_M': 0.3801733925938606,
[92mINFO [0m:      	                        'SVHN': 0.6154160335039099,
[92mINFO [0m:      	                        'SynthDigits': 0.3612739296319584,
[92mINFO [0m:      	                        'USPS': 0.06502251483228368}),
[92mINFO [0m:      	                      (22,
[92mINFO [0m:      	                       {'MNIST': 0.06578449301014189,
[92mINFO [0m:      	                        'MNIST_M': 0.35795366717502475,
[92mINFO [0m:      	                        'SVHN': 0.6315287972489992,
[92mINFO [0m:      	                        'SynthDigits': 0.33477334359971184,
[92mINFO [0m:      	                        'USPS': 0.05365045617994232}),
[92mINFO [0m:      	                      (23,
[92mINFO [0m:      	                       {'MNIST': 0.05316843796754256,
[92mINFO [0m:      	                        'MNIST_M': 0.33108341166128713,
[92mINFO [0m:      	                        'SVHN': 0.5712527229140202,
[92mINFO [0m:      	                        'SynthDigits': 0.3054874932082991,
[92mINFO [0m:      	                        'USPS': 0.0657517015739965}),
[92mINFO [0m:      	                      (24,
[92mINFO [0m:      	                       {'MNIST': 0.05733895679198516,
[92mINFO [0m:      	                        'MNIST_M': 0.3153858285707732,
[92mINFO [0m:      	                        'SVHN': 0.5640407237224281,
[92mINFO [0m:      	                        'SynthDigits': 0.2868356039592375,
[92mINFO [0m:      	                        'USPS': 0.08671583525332001}),
[92mINFO [0m:      	                      (25,
[92mINFO [0m:      	                       {'MNIST': 0.06388321671208057,
[92mINFO [0m:      	                        'MNIST_M': 0.30825205131744343,
[92mINFO [0m:      	                        'SVHN': 0.5628836027656993,
[92mINFO [0m:      	                        'SynthDigits': 0.32204812423636514,
[92mINFO [0m:      	                        'USPS': 0.08840757388194713}),
[92mINFO [0m:      	                      (26,
[92mINFO [0m:      	                       {'MNIST': 0.05049905463238247,
[92mINFO [0m:      	                        'MNIST_M': 0.2483946729140977,
[92mINFO [0m:      	                        'SVHN': 0.5416994874055187,
[92mINFO [0m:      	                        'SynthDigits': 0.26405377872288227,
[92mINFO [0m:      	                        'USPS': 0.04667105746921152}),
[92mINFO [0m:      	                      (27,
[92mINFO [0m:      	                       {'MNIST': 0.04743888687031964,
[92mINFO [0m:      	                        'MNIST_M': 0.25571143984173733,
[92mINFO [0m:      	                        'SVHN': 0.5018059858120978,
[92mINFO [0m:      	                        'SynthDigits': 0.2452879099485775,
[92mINFO [0m:      	                        'USPS': 0.07473227993856806}),
[92mINFO [0m:      	                      (28,
[92mINFO [0m:      	                       {'MNIST': 0.037019318474146225,
[92mINFO [0m:      	                        'MNIST_M': 0.27346595788064104,
[92mINFO [0m:      	                        'SVHN': 0.5355070438235998,
[92mINFO [0m:      	                        'SynthDigits': 0.22336513351183385,
[92mINFO [0m:      	                        'USPS': 0.04248587659094483}),
[92mINFO [0m:      	                      (29,
[92mINFO [0m:      	                       {'MNIST': 0.04265294354991056,
[92mINFO [0m:      	                        'MNIST_M': 0.23250915963823596,
[92mINFO [0m:      	                        'SVHN': 0.46928377853085596,
[92mINFO [0m:      	                        'SynthDigits': 0.2486263494938612,
[92mINFO [0m:      	                        'USPS': 0.04978900477484179}),
[92mINFO [0m:      	                      (30,
[92mINFO [0m:      	                       {'MNIST': 0.04122797676245682,
[92mINFO [0m:      	                        'MNIST_M': 0.21048533202459416,
[92mINFO [0m:      	                        'SVHN': 0.4838962401263416,
[92mINFO [0m:      	                        'SynthDigits': 0.23401115213831267,
[92mINFO [0m:      	                        'USPS': 0.047116803381262194})]}
[92mINFO [0m:      	History (metrics, distributed, evaluate):
[92mINFO [0m:      	{'accuracy': [(5,
[92mINFO [0m:      	               {'MNIST': 0.9289821428571429,
[92mINFO [0m:      	                'MNIST_M': 0.6884464285714286,
[92mINFO [0m:      	                'SVHN': 0.5467821532883473,
[92mINFO [0m:      	                'SynthDigits': 0.7368469491057459,
[92mINFO [0m:      	                'USPS': 0.9396505376344085}),
[92mINFO [0m:      	              (10,
[92mINFO [0m:      	               {'MNIST': 0.9619821428571428,
[92mINFO [0m:      	                'MNIST_M': 0.7909464285714286,
[92mINFO [0m:      	                'SVHN': 0.6871789706919127,
[92mINFO [0m:      	                'SynthDigits': 0.820737593439069,
[92mINFO [0m:      	                'USPS': 0.9567204301075269}),
[92mINFO [0m:      	              (15,
[92mINFO [0m:      	               {'MNIST': 0.9689821428571429,
[92mINFO [0m:      	                'MNIST_M': 0.8229464285714285,
[92mINFO [0m:      	                'SVHN': 0.752908147849733,
[92mINFO [0m:      	                'SynthDigits': 0.8541890358008406,
[92mINFO [0m:      	                'USPS': 0.9631720430107527}),
[92mINFO [0m:      	              (20,
[92mINFO [0m:      	               {'MNIST': 0.9734107142857142,
[92mINFO [0m:      	                'MNIST_M': 0.8362678571428571,
[92mINFO [0m:      	                'SVHN': 0.7777973612649814,
[92mINFO [0m:      	                'SynthDigits': 0.8669688417134501,
[92mINFO [0m:      	                'USPS': 0.9665322580645163}),
[92mINFO [0m:      	              (25,
[92mINFO [0m:      	               {'MNIST': 0.97675,
[92mINFO [0m:      	                'MNIST_M': 0.8452142857142857,
[92mINFO [0m:      	                'SVHN': 0.7877429751233761,
[92mINFO [0m:      	                'SynthDigits': 0.8830004806168258,
[92mINFO [0m:      	                'USPS': 0.9708333333333333}),
[92mINFO [0m:      	              (30,
[92mINFO [0m:      	               {'MNIST': 0.9787678571428572,
[92mINFO [0m:      	                'MNIST_M': 0.8548214285714286,
[92mINFO [0m:      	                'SVHN': 0.8003827172927788,
[92mINFO [0m:      	                'SynthDigits': 0.8952332014193535,
[92mINFO [0m:      	                'USPS': 0.9711021505376343})],
[92mINFO [0m:      	 'losses': [(5,
[92mINFO [0m:      	             {'MNIST': 0.3825205131157484,
[92mINFO [0m:      	              'MNIST_M': 1.0609403929277643,
[92mINFO [0m:      	              'SVHN': 1.4504271145316139,
[92mINFO [0m:      	              'SynthDigits': 0.9623806466938469,
[92mINFO [0m:      	              'USPS': 0.30219081094709493}),
[92mINFO [0m:      	            (10,
[92mINFO [0m:      	             {'MNIST': 0.1757637562323787,
[92mINFO [0m:      	              'MNIST_M': 0.7439551962769195,
[92mINFO [0m:      	              'SVHN': 1.0381306001913528,
[92mINFO [0m:      	              'SynthDigits': 0.6256916615953523,
[92mINFO [0m:      	              'USPS': 0.18478859515892246}),
[92mINFO [0m:      	            (15,
[92mINFO [0m:      	             {'MNIST': 0.12987569937074225,
[92mINFO [0m:      	              'MNIST_M': 0.6211828709873435,
[92mINFO [0m:      	              'SVHN': 0.8423387313714542,
[92mINFO [0m:      	              'SynthDigits': 0.5065943097722526,
[92mINFO [0m:      	              'USPS': 0.13924925769600321}),
[92mINFO [0m:      	            (20,
[92mINFO [0m:      	             {'MNIST': 0.10446678220717551,
[92mINFO [0m:      	              'MNIST_M': 0.5551491715184086,
[92mINFO [0m:      	              'SVHN': 0.7477956547397346,
[92mINFO [0m:      	              'SynthDigits': 0.44459049631012554,
[92mINFO [0m:      	              'USPS': 0.12380785199071644}),
[92mINFO [0m:      	            (25,
[92mINFO [0m:      	             {'MNIST': 0.08703961318037706,
[92mINFO [0m:      	              'MNIST_M': 0.5092563125300625,
[92mINFO [0m:      	              'SVHN': 0.7006700754213641,
[92mINFO [0m:      	              'SynthDigits': 0.3927804399720583,
[92mINFO [0m:      	              'USPS': 0.1025540891095554}),
[92mINFO [0m:      	            (30,
[92mINFO [0m:      	             {'MNIST': 0.08019935548439469,
[92mINFO [0m:      	              'MNIST_M': 0.4739733821197868,
[92mINFO [0m:      	              'SVHN': 0.653439866165944,
[92mINFO [0m:      	              'SynthDigits': 0.35088472026924444,
[92mINFO [0m:      	              'USPS': 0.0977876906606795})],
[92mINFO [0m:      	 'min_client_accuracy': [(5, 0.5293080874206869),
[92mINFO [0m:      	                         (10, 0.6643670057407594),
[92mINFO [0m:      	                         (15, 0.7482626649209386),
[92mINFO [0m:      	                         (20, 0.7747507301843086),
[92mINFO [0m:      	                         (25, 0.7857790311209588),
[92mINFO [0m:      	                         (30, 0.7955483935945211)],
[92mINFO [0m:      	 'num_clients_reported': [(5, 20),
[92mINFO [0m:      	                          (10, 20),
[92mINFO [0m:      	                          (15, 20),
[92mINFO [0m:      	                          (20, 20),
[92mINFO [0m:      	                          (25, 20),
[92mINFO [0m:      	                          (30, 20)],
[92mINFO [0m:      	 'overall_accuracy': [(5, 0.7274998026160815),
[92mINFO [0m:      	                      (10, 0.8150783707743996),
[92mINFO [0m:      	                      (15, 0.8498806413801825),
[92mINFO [0m:      	                      (20, 0.8634287855883299),
[92mINFO [0m:      	                      (25, 0.8766126149449609),
[92mINFO [0m:      	                      (30, 0.887527637684505)]}
[92mINFO [0m:      
### BEGIN: RUN CONFIG ####
{
    "algorithm-name": "FedBN",
    "num-server-rounds": 30,
    "num-clients": 20,
    "local-epochs": 1,
    "to-include": "MNIST,SVHN,USPS,SynthDigits,MNIST_M",
    "batch-size": 32,
    "num-classes": 10,
    "percent": 0.1,
    "learning-rate": 0.01,
    "results-save-dir": "results/fedbn_full",
    "fraction-evaluate": 1.0,
    "fraction-fit": 1.0,
    "eval-every": 5
}
### END: RUN CONFIG ####
Using default filename
Results will be saved into: /home/suraf/fedbn-experiment/flower/baselines/fedbn/results/fedbn_full/FedBN/history.pkl
