Loading project configuration... 
Success
[92mINFO [0m:      Starting Flower ServerApp, config: num_rounds=30, no round_timeout
[92mINFO [0m:      
[92mINFO [0m:      [INIT]
[92mINFO [0m:      Using initial global parameters provided by strategy
[92mINFO [0m:      Starting evaluation of initial global parameters
[92mINFO [0m:      Evaluation returned no results (`None`)
[92mINFO [0m:      
[92mINFO [0m:      [ROUND 1]
[92mINFO [0m:      configure_fit: strategy sampled 20 clients (out of 20)
[92mINFO [0m:      aggregate_fit: received 20 results and 0 failures
[92mINFO [0m:      configure_evaluate: no clients selected, skipping evaluation
[92mINFO [0m:      
[92mINFO [0m:      [ROUND 2]
[92mINFO [0m:      configure_fit: strategy sampled 20 clients (out of 20)
[92mINFO [0m:      aggregate_fit: received 20 results and 0 failures
[92mINFO [0m:      configure_evaluate: no clients selected, skipping evaluation
[92mINFO [0m:      
[92mINFO [0m:      [ROUND 3]
[92mINFO [0m:      configure_fit: strategy sampled 20 clients (out of 20)
[92mINFO [0m:      aggregate_fit: received 20 results and 0 failures
[92mINFO [0m:      configure_evaluate: no clients selected, skipping evaluation
[92mINFO [0m:      
[92mINFO [0m:      [ROUND 4]
[92mINFO [0m:      configure_fit: strategy sampled 20 clients (out of 20)
[92mINFO [0m:      aggregate_fit: received 20 results and 0 failures
[92mINFO [0m:      configure_evaluate: no clients selected, skipping evaluation
[92mINFO [0m:      
[92mINFO [0m:      [ROUND 5]
[92mINFO [0m:      configure_fit: strategy sampled 20 clients (out of 20)
[92mINFO [0m:      aggregate_fit: received 20 results and 0 failures
[92mINFO [0m:      configure_evaluate: strategy sampled 20 clients (out of 20)
[92mINFO [0m:      aggregate_evaluate: received 20 results and 0 failures
[92mINFO [0m:      
[92mINFO [0m:      [ROUND 6]
[92mINFO [0m:      configure_fit: strategy sampled 20 clients (out of 20)
[92mINFO [0m:      aggregate_fit: received 20 results and 0 failures
[92mINFO [0m:      configure_evaluate: no clients selected, skipping evaluation
[92mINFO [0m:      
[92mINFO [0m:      [ROUND 7]
[92mINFO [0m:      configure_fit: strategy sampled 20 clients (out of 20)
[92mINFO [0m:      aggregate_fit: received 20 results and 0 failures
[92mINFO [0m:      configure_evaluate: no clients selected, skipping evaluation
[92mINFO [0m:      
[92mINFO [0m:      [ROUND 8]
[92mINFO [0m:      configure_fit: strategy sampled 20 clients (out of 20)
[92mINFO [0m:      aggregate_fit: received 20 results and 0 failures
[92mINFO [0m:      configure_evaluate: no clients selected, skipping evaluation
[92mINFO [0m:      
[92mINFO [0m:      [ROUND 9]
[92mINFO [0m:      configure_fit: strategy sampled 20 clients (out of 20)
[92mINFO [0m:      aggregate_fit: received 20 results and 0 failures
[92mINFO [0m:      configure_evaluate: no clients selected, skipping evaluation
[92mINFO [0m:      
[92mINFO [0m:      [ROUND 10]
[92mINFO [0m:      configure_fit: strategy sampled 20 clients (out of 20)
[92mINFO [0m:      aggregate_fit: received 20 results and 0 failures
[92mINFO [0m:      configure_evaluate: strategy sampled 20 clients (out of 20)
[92mINFO [0m:      aggregate_evaluate: received 20 results and 0 failures
[92mINFO [0m:      
[92mINFO [0m:      [ROUND 11]
[92mINFO [0m:      configure_fit: strategy sampled 20 clients (out of 20)
[92mINFO [0m:      aggregate_fit: received 20 results and 0 failures
[92mINFO [0m:      configure_evaluate: no clients selected, skipping evaluation
[92mINFO [0m:      
[92mINFO [0m:      [ROUND 12]
[92mINFO [0m:      configure_fit: strategy sampled 20 clients (out of 20)
[92mINFO [0m:      aggregate_fit: received 20 results and 0 failures
[92mINFO [0m:      configure_evaluate: no clients selected, skipping evaluation
[92mINFO [0m:      
[92mINFO [0m:      [ROUND 13]
[92mINFO [0m:      configure_fit: strategy sampled 20 clients (out of 20)
[92mINFO [0m:      aggregate_fit: received 20 results and 0 failures
[92mINFO [0m:      configure_evaluate: no clients selected, skipping evaluation
[92mINFO [0m:      
[92mINFO [0m:      [ROUND 14]
[92mINFO [0m:      configure_fit: strategy sampled 20 clients (out of 20)
[92mINFO [0m:      aggregate_fit: received 20 results and 0 failures
[92mINFO [0m:      configure_evaluate: no clients selected, skipping evaluation
[92mINFO [0m:      
[92mINFO [0m:      [ROUND 15]
[92mINFO [0m:      configure_fit: strategy sampled 20 clients (out of 20)
[92mINFO [0m:      aggregate_fit: received 20 results and 0 failures
[92mINFO [0m:      configure_evaluate: strategy sampled 20 clients (out of 20)
[92mINFO [0m:      aggregate_evaluate: received 20 results and 0 failures
[92mINFO [0m:      
[92mINFO [0m:      [ROUND 16]
[92mINFO [0m:      configure_fit: strategy sampled 20 clients (out of 20)
[92mINFO [0m:      aggregate_fit: received 20 results and 0 failures
[92mINFO [0m:      configure_evaluate: no clients selected, skipping evaluation
[92mINFO [0m:      
[92mINFO [0m:      [ROUND 17]
[92mINFO [0m:      configure_fit: strategy sampled 20 clients (out of 20)
[92mINFO [0m:      aggregate_fit: received 20 results and 0 failures
[92mINFO [0m:      configure_evaluate: no clients selected, skipping evaluation
[92mINFO [0m:      
[92mINFO [0m:      [ROUND 18]
[92mINFO [0m:      configure_fit: strategy sampled 20 clients (out of 20)
[92mINFO [0m:      aggregate_fit: received 20 results and 0 failures
[92mINFO [0m:      configure_evaluate: no clients selected, skipping evaluation
[92mINFO [0m:      
[92mINFO [0m:      [ROUND 19]
[92mINFO [0m:      configure_fit: strategy sampled 20 clients (out of 20)
[92mINFO [0m:      aggregate_fit: received 20 results and 0 failures
[92mINFO [0m:      configure_evaluate: no clients selected, skipping evaluation
[92mINFO [0m:      
[92mINFO [0m:      [ROUND 20]
[92mINFO [0m:      configure_fit: strategy sampled 20 clients (out of 20)
[92mINFO [0m:      aggregate_fit: received 20 results and 0 failures
[92mINFO [0m:      configure_evaluate: strategy sampled 20 clients (out of 20)
[92mINFO [0m:      aggregate_evaluate: received 20 results and 0 failures
[92mINFO [0m:      
[92mINFO [0m:      [ROUND 21]
[92mINFO [0m:      configure_fit: strategy sampled 20 clients (out of 20)
[92mINFO [0m:      aggregate_fit: received 20 results and 0 failures
[92mINFO [0m:      configure_evaluate: no clients selected, skipping evaluation
[92mINFO [0m:      
[92mINFO [0m:      [ROUND 22]
[92mINFO [0m:      configure_fit: strategy sampled 20 clients (out of 20)
[92mINFO [0m:      aggregate_fit: received 20 results and 0 failures
[92mINFO [0m:      configure_evaluate: no clients selected, skipping evaluation
[92mINFO [0m:      
[92mINFO [0m:      [ROUND 23]
[92mINFO [0m:      configure_fit: strategy sampled 20 clients (out of 20)
[92mINFO [0m:      aggregate_fit: received 20 results and 0 failures
[92mINFO [0m:      configure_evaluate: no clients selected, skipping evaluation
[92mINFO [0m:      
[92mINFO [0m:      [ROUND 24]
[92mINFO [0m:      configure_fit: strategy sampled 20 clients (out of 20)
[92mINFO [0m:      aggregate_fit: received 20 results and 0 failures
[92mINFO [0m:      configure_evaluate: no clients selected, skipping evaluation
[92mINFO [0m:      
[92mINFO [0m:      [ROUND 25]
[92mINFO [0m:      configure_fit: strategy sampled 20 clients (out of 20)
[92mINFO [0m:      aggregate_fit: received 20 results and 0 failures
[92mINFO [0m:      configure_evaluate: strategy sampled 20 clients (out of 20)
[92mINFO [0m:      aggregate_evaluate: received 20 results and 0 failures
[92mINFO [0m:      
[92mINFO [0m:      [ROUND 26]
[92mINFO [0m:      configure_fit: strategy sampled 20 clients (out of 20)
[92mINFO [0m:      aggregate_fit: received 20 results and 0 failures
[92mINFO [0m:      configure_evaluate: no clients selected, skipping evaluation
[92mINFO [0m:      
[92mINFO [0m:      [ROUND 27]
[92mINFO [0m:      configure_fit: strategy sampled 20 clients (out of 20)
[92mINFO [0m:      aggregate_fit: received 20 results and 0 failures
[92mINFO [0m:      configure_evaluate: no clients selected, skipping evaluation
[92mINFO [0m:      
[92mINFO [0m:      [ROUND 28]
[92mINFO [0m:      configure_fit: strategy sampled 20 clients (out of 20)
[92mINFO [0m:      aggregate_fit: received 20 results and 0 failures
[92mINFO [0m:      configure_evaluate: no clients selected, skipping evaluation
[92mINFO [0m:      
[92mINFO [0m:      [ROUND 29]
[92mINFO [0m:      configure_fit: strategy sampled 20 clients (out of 20)
[92mINFO [0m:      aggregate_fit: received 20 results and 0 failures
[92mINFO [0m:      configure_evaluate: no clients selected, skipping evaluation
[92mINFO [0m:      
[92mINFO [0m:      [ROUND 30]
[92mINFO [0m:      configure_fit: strategy sampled 20 clients (out of 20)
[92mINFO [0m:      aggregate_fit: received 20 results and 0 failures
[92mINFO [0m:      configure_evaluate: strategy sampled 20 clients (out of 20)
[92mINFO [0m:      aggregate_evaluate: received 20 results and 0 failures
[92mINFO [0m:      Results saver function provided. Executing
[92mINFO [0m:      
[92mINFO [0m:      [SUMMARY]
[92mINFO [0m:      Run finished 30 round(s) in 1049.84s
[92mINFO [0m:      	History (loss, distributed):
[92mINFO [0m:      		round 5: 0.9567212718882229
[92mINFO [0m:      		round 10: 0.6570477422846986
[92mINFO [0m:      		round 15: 0.541088255298189
[92mINFO [0m:      		round 20: 0.4791782233203339
[92mINFO [0m:      		round 25: 0.4415078491733005
[92mINFO [0m:      		round 30: 0.4093086566991703
[92mINFO [0m:      	History (metrics, distributed, fit):
[92mINFO [0m:      	{'accuracy': [(1,
[92mINFO [0m:      	               {'MNIST': 0.7808452365446678,
[92mINFO [0m:      	                'MNIST_M': 0.3636910447329195,
[92mINFO [0m:      	                'SVHN': 0.2366455194720618,
[92mINFO [0m:      	                'SynthDigits': 0.36088709677419356,
[92mINFO [0m:      	                'USPS': 0.8278991012894542}),
[92mINFO [0m:      	              (2,
[92mINFO [0m:      	               {'MNIST': 0.8900834310192622,
[92mINFO [0m:      	                'MNIST_M': 0.5404971490180754,
[92mINFO [0m:      	                'SVHN': 0.37614057366966236,
[92mINFO [0m:      	                'SynthDigits': 0.5532741067164503,
[92mINFO [0m:      	                'USPS': 0.9049059139784946}),
[92mINFO [0m:      	              (3,
[92mINFO [0m:      	               {'MNIST': 0.9200268817204301,
[92mINFO [0m:      	                'MNIST_M': 0.6336158084776914,
[92mINFO [0m:      	                'SVHN': 0.4828588329787696,
[92mINFO [0m:      	                'SynthDigits': 0.6839245141029537,
[92mINFO [0m:      	                'USPS': 0.9337865779533713}),
[92mINFO [0m:      	              (4,
[92mINFO [0m:      	               {'MNIST': 0.9435280358615898,
[92mINFO [0m:      	                'MNIST_M': 0.6728150009406794,
[92mINFO [0m:      	                'SVHN': 0.583197206182434,
[92mINFO [0m:      	                'SynthDigits': 0.7389904340149641,
[92mINFO [0m:      	                'USPS': 0.9475634596738014}),
[92mINFO [0m:      	              (5,
[92mINFO [0m:      	               {'MNIST': 0.9492426627013417,
[92mINFO [0m:      	                'MNIST_M': 0.7242647324852746,
[92mINFO [0m:      	                'SVHN': 0.6171480412162259,
[92mINFO [0m:      	                'SynthDigits': 0.7917982713208586,
[92mINFO [0m:      	                'USPS': 0.9536154647679416}),
[92mINFO [0m:      	              (6,
[92mINFO [0m:      	               {'MNIST': 0.9465562996570137,
[92mINFO [0m:      	                'MNIST_M': 0.7494857921243433,
[92mINFO [0m:      	                'SVHN': 0.6574796668548025,
[92mINFO [0m:      	                'SynthDigits': 0.8026934181391917,
[92mINFO [0m:      	                'USPS': 0.9569756798217052}),
[92mINFO [0m:      	              (7,
[92mINFO [0m:      	               {'MNIST': 0.9549568372914224,
[92mINFO [0m:      	                'MNIST_M': 0.775459847465231,
[92mINFO [0m:      	                'SVHN': 0.6710349462365591,
[92mINFO [0m:      	                'SynthDigits': 0.8080760937206038,
[92mINFO [0m:      	                'USPS': 0.9583220270915643}),
[92mINFO [0m:      	              (8,
[92mINFO [0m:      	               {'MNIST': 0.9603345381264562,
[92mINFO [0m:      	                'MNIST_M': 0.79219082403508,
[92mINFO [0m:      	                'SVHN': 0.7095792811762832,
[92mINFO [0m:      	                'SynthDigits': 0.8188314953906713,
[92mINFO [0m:      	                'USPS': 0.9633628019218802}),
[92mINFO [0m:      	              (9,
[92mINFO [0m:      	               {'MNIST': 0.9643600124459107,
[92mINFO [0m:      	                'MNIST_M': 0.7993218968436592,
[92mINFO [0m:      	                'SVHN': 0.7020936446258267,
[92mINFO [0m:      	                'SynthDigits': 0.8410618279569894,
[92mINFO [0m:      	                'USPS': 0.9613575268817204}),
[92mINFO [0m:      	              (10,
[92mINFO [0m:      	               {'MNIST': 0.9633618974225387,
[92mINFO [0m:      	                'MNIST_M': 0.809679318803456,
[92mINFO [0m:      	                'SVHN': 0.7260588069291886,
[92mINFO [0m:      	                'SynthDigits': 0.8511008661485695,
[92mINFO [0m:      	                'USPS': 0.960013440860215}),
[92mINFO [0m:      	              (11,
[92mINFO [0m:      	               {'MNIST': 0.9637096774193549,
[92mINFO [0m:      	                'MNIST_M': 0.8217851379904196,
[92mINFO [0m:      	                'SVHN': 0.743279569892473,
[92mINFO [0m:      	                'SynthDigits': 0.8514264859115181,
[92mINFO [0m:      	                'USPS': 0.9687409550065847}),
[92mINFO [0m:      	              (12,
[92mINFO [0m:      	               {'MNIST': 0.9627016129032256,
[92mINFO [0m:      	                'MNIST_M': 0.844982832602498,
[92mINFO [0m:      	                'SVHN': 0.7586578676970723,
[92mINFO [0m:      	                'SynthDigits': 0.8686155913978495,
[92mINFO [0m:      	                'USPS': 0.9650537634408601}),
[92mINFO [0m:      	              (13,
[92mINFO [0m:      	               {'MNIST': 0.9684031245025254,
[92mINFO [0m:      	                'MNIST_M': 0.8466787688678563,
[92mINFO [0m:      	                'SVHN': 0.7642987778404898,
[92mINFO [0m:      	                'SynthDigits': 0.8682411286704582,
[92mINFO [0m:      	                'USPS': 0.9684080992489038}),
[92mINFO [0m:      	              (14,
[92mINFO [0m:      	               {'MNIST': 0.9690656702701922,
[92mINFO [0m:      	                'MNIST_M': 0.859115182564147,
[92mINFO [0m:      	                'SVHN': 0.7741935483870969,
[92mINFO [0m:      	                'SynthDigits': 0.8900517735423087,
[92mINFO [0m:      	                'USPS': 0.9744551295966656}),
[92mINFO [0m:      	              (15,
[92mINFO [0m:      	               {'MNIST': 0.9707484912950984,
[92mINFO [0m:      	                'MNIST_M': 0.8685757934268225,
[92mINFO [0m:      	                'SVHN': 0.7836021505376344,
[92mINFO [0m:      	                'SynthDigits': 0.8944295503552874,
[92mINFO [0m:      	                'USPS': 0.9744560340960072}),
[92mINFO [0m:      	              (16,
[92mINFO [0m:      	               {'MNIST': 0.9717565558112274,
[92mINFO [0m:      	                'MNIST_M': 0.891398120812168,
[92mINFO [0m:      	                'SVHN': 0.791198136007757,
[92mINFO [0m:      	                'SynthDigits': 0.898831748650487,
[92mINFO [0m:      	                'USPS': 0.9670612997293739}),
[92mINFO [0m:      	              (17,
[92mINFO [0m:      	               {'MNIST': 0.9707661290322581,
[92mINFO [0m:      	                'MNIST_M': 0.8695784309469022,
[92mINFO [0m:      	                'SVHN': 0.7976558090565712,
[92mINFO [0m:      	                'SynthDigits': 0.8967722036498359,
[92mINFO [0m:      	                'USPS': 0.9741182035919479}),
[92mINFO [0m:      	              (18,
[92mINFO [0m:      	               {'MNIST': 0.9744551295966657,
[92mINFO [0m:      	                'MNIST_M': 0.881676561889463,
[92mINFO [0m:      	                'SVHN': 0.8175403225806451,
[92mINFO [0m:      	                'SynthDigits': 0.8907504992836364,
[92mINFO [0m:      	                'USPS': 0.9714381720430109}),
[92mINFO [0m:      	              (19,
[92mINFO [0m:      	               {'MNIST': 0.9798319259323578,
[92mINFO [0m:      	                'MNIST_M': 0.8921045347978986,
[92mINFO [0m:      	                'SVHN': 0.8272849462365591,
[92mINFO [0m:      	                'SynthDigits': 0.9092389180740676,
[92mINFO [0m:      	                'USPS': 0.976478494623656}),
[92mINFO [0m:      	              (20,
[92mINFO [0m:      	               {'MNIST': 0.9754704301075269,
[92mINFO [0m:      	                'MNIST_M': 0.9038268462640557,
[92mINFO [0m:      	                'SVHN': 0.8356275959131102,
[92mINFO [0m:      	                'SynthDigits': 0.92296967032808,
[92mINFO [0m:      	                'USPS': 0.9808408949478284}),
[92mINFO [0m:      	              (21,
[92mINFO [0m:      	               {'MNIST': 0.9778085609053676,
[92mINFO [0m:      	                'MNIST_M': 0.9075674032909306,
[92mINFO [0m:      	                'SVHN': 0.8288515390960796,
[92mINFO [0m:      	                'SynthDigits': 0.9250210748346576,
[92mINFO [0m:      	                'USPS': 0.9791666666666666}),
[92mINFO [0m:      	              (22,
[92mINFO [0m:      	               {'MNIST': 0.9841974920042258,
[92mINFO [0m:      	                'MNIST_M': 0.9173165494435521,
[92mINFO [0m:      	                'SVHN': 0.842741935483871,
[92mINFO [0m:      	                'SynthDigits': 0.9139400534016411,
[92mINFO [0m:      	                'USPS': 0.9774793231450528}),
[92mINFO [0m:      	              (23,
[92mINFO [0m:      	               {'MNIST': 0.9761424731182796,
[92mINFO [0m:      	                'MNIST_M': 0.9371296075196458,
[92mINFO [0m:      	                'SVHN': 0.8554637187224129,
[92mINFO [0m:      	                'SynthDigits': 0.9086021505376344,
[92mINFO [0m:      	                'USPS': 0.9818503162129698}),
[92mINFO [0m:      	              (24,
[92mINFO [0m:      	               {'MNIST': 0.9818507684626406,
[92mINFO [0m:      	                'MNIST_M': 0.923372624784729,
[92mINFO [0m:      	                'SVHN': 0.8615591397849461,
[92mINFO [0m:      	                'SynthDigits': 0.9179885924543049,
[92mINFO [0m:      	                'USPS': 0.977486559139785}),
[92mINFO [0m:      	              (25,
[92mINFO [0m:      	               {'MNIST': 0.9744623655913977,
[92mINFO [0m:      	                'MNIST_M': 0.9176385512091348,
[92mINFO [0m:      	                'SVHN': 0.8523888732109004,
[92mINFO [0m:      	                'SynthDigits': 0.9287313311335909,
[92mINFO [0m:      	                'USPS': 0.9754704301075269}),
[92mINFO [0m:      	              (26,
[92mINFO [0m:      	               {'MNIST': 0.9852091745177209,
[92mINFO [0m:      	                'MNIST_M': 0.9321051136774773,
[92mINFO [0m:      	                'SVHN': 0.8584503755481266,
[92mINFO [0m:      	                'SynthDigits': 0.9391131745756089,
[92mINFO [0m:      	                'USPS': 0.9784901011592063}),
[92mINFO [0m:      	              (27,
[92mINFO [0m:      	               {'MNIST': 0.9845308000115774,
[92mINFO [0m:      	                'MNIST_M': 0.9404929883211045,
[92mINFO [0m:      	                'SVHN': 0.8769835670559631,
[92mINFO [0m:      	                'SynthDigits': 0.9337707492148946,
[92mINFO [0m:      	                'USPS': 0.9821867899680169}),
[92mINFO [0m:      	              (28,
[92mINFO [0m:      	               {'MNIST': 0.9825205502250395,
[92mINFO [0m:      	                'MNIST_M': 0.9499092787160451,
[92mINFO [0m:      	                'SVHN': 0.8668961381496114,
[92mINFO [0m:      	                'SynthDigits': 0.9411460368456851,
[92mINFO [0m:      	                'USPS': 0.9835349462365591}),
[92mINFO [0m:      	              (29,
[92mINFO [0m:      	               {'MNIST': 0.9862199525318746,
[92mINFO [0m:      	                'MNIST_M': 0.9623533806567389,
[92mINFO [0m:      	                'SVHN': 0.8810483870967741,
[92mINFO [0m:      	                'SynthDigits': 0.9321010434304403,
[92mINFO [0m:      	                'USPS': 0.9848749620110276}),
[92mINFO [0m:      	              (30,
[92mINFO [0m:      	               {'MNIST': 0.9872284692976744,
[92mINFO [0m:      	                'MNIST_M': 0.9371178490282058,
[92mINFO [0m:      	                'SVHN': 0.875970075543785,
[92mINFO [0m:      	                'SynthDigits': 0.9448789056281567,
[92mINFO [0m:      	                'USPS': 0.9845380360063097})],
[92mINFO [0m:      	 'losses': [(1,
[92mINFO [0m:      	             {'MNIST': 0.8875187526767453,
[92mINFO [0m:      	              'MNIST_M': 1.8868723611036937,
[92mINFO [0m:      	              'SVHN': 2.18330600236853,
[92mINFO [0m:      	              'SynthDigits': 1.924621610591809,
[92mINFO [0m:      	              'USPS': 0.728089143987745}),
[92mINFO [0m:      	            (2,
[92mINFO [0m:      	             {'MNIST': 0.5999038980032007,
[92mINFO [0m:      	              'MNIST_M': 1.5178081169724464,
[92mINFO [0m:      	              'SVHN': 1.8754531058172386,
[92mINFO [0m:      	              'SynthDigits': 1.5119864208002884,
[92mINFO [0m:      	              'USPS': 0.4809505765636762}),
[92mINFO [0m:      	            (3,
[92mINFO [0m:      	             {'MNIST': 0.44213776259372634,
[92mINFO [0m:      	              'MNIST_M': 1.241709804162383,
[92mINFO [0m:      	              'SVHN': 1.5874981867770355,
[92mINFO [0m:      	              'SynthDigits': 1.1756097506731749,
[92mINFO [0m:      	              'USPS': 0.3638701296101014}),
[92mINFO [0m:      	            (4,
[92mINFO [0m:      	             {'MNIST': 0.3371726805344224,
[92mINFO [0m:      	              'MNIST_M': 1.1117492107053597,
[92mINFO [0m:      	              'SVHN': 1.3591270403315623,
[92mINFO [0m:      	              'SynthDigits': 0.967002027357618,
[92mINFO [0m:      	              'USPS': 0.2894324305622528}),
[92mINFO [0m:      	            (5,
[92mINFO [0m:      	             {'MNIST': 0.2763085491023958,
[92mINFO [0m:      	              'MNIST_M': 0.9454379885767897,
[92mINFO [0m:      	              'SVHN': 1.2361309416592121,
[92mINFO [0m:      	              'SynthDigits': 0.8140239010875424,
[92mINFO [0m:      	              'USPS': 0.24038069035547474}),
[92mINFO [0m:      	            (6,
[92mINFO [0m:      	             {'MNIST': 0.2577530842584868,
[92mINFO [0m:      	              'MNIST_M': 0.8827690860877434,
[92mINFO [0m:      	              'SVHN': 1.12747127811114,
[92mINFO [0m:      	              'SynthDigits': 0.7363423546776175,
[92mINFO [0m:      	              'USPS': 0.20449710392858833}),
[92mINFO [0m:      	            (7,
[92mINFO [0m:      	             {'MNIST': 0.223624365326638,
[92mINFO [0m:      	              'MNIST_M': 0.8048423280318578,
[92mINFO [0m:      	              'SVHN': 1.0745813169827063,
[92mINFO [0m:      	              'SynthDigits': 0.6809493297090133,
[92mINFO [0m:      	              'USPS': 0.191599748407801}),
[92mINFO [0m:      	            (8,
[92mINFO [0m:      	             {'MNIST': 0.19837197909752527,
[92mINFO [0m:      	              'MNIST_M': 0.7187113425073525,
[92mINFO [0m:      	              'SVHN': 0.9553201477974653,
[92mINFO [0m:      	              'SynthDigits': 0.6214801780879498,
[92mINFO [0m:      	              'USPS': 0.17421310162171721}),
[92mINFO [0m:      	            (9,
[92mINFO [0m:      	             {'MNIST': 0.17218654005167386,
[92mINFO [0m:      	              'MNIST_M': 0.679089187644422,
[92mINFO [0m:      	              'SVHN': 0.9459107151875893,
[92mINFO [0m:      	              'SynthDigits': 0.5979018593207002,
[92mINFO [0m:      	              'USPS': 0.17009445058647543}),
[92mINFO [0m:      	            (10,
[92mINFO [0m:      	             {'MNIST': 0.1718968196461598,
[92mINFO [0m:      	              'MNIST_M': 0.6588601528977355,
[92mINFO [0m:      	              'SVHN': 0.8944858269145092,
[92mINFO [0m:      	              'SynthDigits': 0.5319451882193486,
[92mINFO [0m:      	              'USPS': 0.1687602960737422}),
[92mINFO [0m:      	            (11,
[92mINFO [0m:      	             {'MNIST': 0.16470878346202275,
[92mINFO [0m:      	              'MNIST_M': 0.613963795825839,
[92mINFO [0m:      	              'SVHN': 0.8647539289668202,
[92mINFO [0m:      	              'SynthDigits': 0.5324681646501025,
[92mINFO [0m:      	              'USPS': 0.14167776176085076}),
[92mINFO [0m:      	            (12,
[92mINFO [0m:      	             {'MNIST': 0.15751552356717488,
[92mINFO [0m:      	              'MNIST_M': 0.5500533102701107,
[92mINFO [0m:      	              'SVHN': 0.7940198372428616,
[92mINFO [0m:      	              'SynthDigits': 0.47330620295057696,
[92mINFO [0m:      	              'USPS': 0.141165277066951}),
[92mINFO [0m:      	            (13,
[92mINFO [0m:      	             {'MNIST': 0.1464397437715282,
[92mINFO [0m:      	              'MNIST_M': 0.5530267258485159,
[92mINFO [0m:      	              'SVHN': 0.7779638360564908,
[92mINFO [0m:      	              'SynthDigits': 0.47136834760506946,
[92mINFO [0m:      	              'USPS': 0.12753338793603083}),
[92mINFO [0m:      	            (14,
[92mINFO [0m:      	             {'MNIST': 0.1277616286339859,
[92mINFO [0m:      	              'MNIST_M': 0.527185270562768,
[92mINFO [0m:      	              'SVHN': 0.7269672608623902,
[92mINFO [0m:      	              'SynthDigits': 0.4138681930489838,
[92mINFO [0m:      	              'USPS': 0.11747761806085084}),
[92mINFO [0m:      	            (15,
[92mINFO [0m:      	             {'MNIST': 0.12007750382569309,
[92mINFO [0m:      	              'MNIST_M': 0.49932088361432153,
[92mINFO [0m:      	              'SVHN': 0.7116912907610337,
[92mINFO [0m:      	              'SynthDigits': 0.3899153826447825,
[92mINFO [0m:      	              'USPS': 0.11296599032357335}),
[92mINFO [0m:      	            (16,
[92mINFO [0m:      	             {'MNIST': 0.1181865765247494,
[92mINFO [0m:      	              'MNIST_M': 0.448203365628918,
[92mINFO [0m:      	              'SVHN': 0.6870869112511476,
[92mINFO [0m:      	              'SynthDigits': 0.3765959672940274,
[92mINFO [0m:      	              'USPS': 0.12609117043515047}),
[92mINFO [0m:      	            (17,
[92mINFO [0m:      	             {'MNIST': 0.12344600832633053,
[92mINFO [0m:      	              'MNIST_M': 0.4678104574171205,
[92mINFO [0m:      	              'SVHN': 0.6637792841841778,
[92mINFO [0m:      	              'SynthDigits': 0.3791225614647071,
[92mINFO [0m:      	              'USPS': 0.11144080888091897}),
[92mINFO [0m:      	            (18,
[92mINFO [0m:      	             {'MNIST': 0.10924032361557086,
[92mINFO [0m:      	              'MNIST_M': 0.42663469072431326,
[92mINFO [0m:      	              'SVHN': 0.626649008753399,
[92mINFO [0m:      	              'SynthDigits': 0.3897779205193122,
[92mINFO [0m:      	              'USPS': 0.11659725980522732}),
[92mINFO [0m:      	            (19,
[92mINFO [0m:      	             {'MNIST': 0.09213941466684143,
[92mINFO [0m:      	              'MNIST_M': 0.4133149449092646,
[92mINFO [0m:      	              'SVHN': 0.5985982452208797,
[92mINFO [0m:      	              'SynthDigits': 0.3553264136426151,
[92mINFO [0m:      	              'USPS': 0.10214396779580663}),
[92mINFO [0m:      	            (20,
[92mINFO [0m:      	             {'MNIST': 0.1054976645197409,
[92mINFO [0m:      	              'MNIST_M': 0.36810715046400827,
[92mINFO [0m:      	              'SVHN': 0.5847122434837123,
[92mINFO [0m:      	              'SynthDigits': 0.31053328048437834,
[92mINFO [0m:      	              'USPS': 0.09626995521830395}),
[92mINFO [0m:      	            (21,
[92mINFO [0m:      	             {'MNIST': 0.09653565935635318,
[92mINFO [0m:      	              'MNIST_M': 0.3495509607406954,
[92mINFO [0m:      	              'SVHN': 0.5979497980636855,
[92mINFO [0m:      	              'SynthDigits': 0.2940193196603407,
[92mINFO [0m:      	              'USPS': 0.08970645523125616}),
[92mINFO [0m:      	            (22,
[92mINFO [0m:      	             {'MNIST': 0.08585125687144075,
[92mINFO [0m:      	              'MNIST_M': 0.3443021977630754,
[92mINFO [0m:      	              'SVHN': 0.5623307474888861,
[92mINFO [0m:      	              'SynthDigits': 0.315290463467439,
[92mINFO [0m:      	              'USPS': 0.09760750826292981}),
[92mINFO [0m:      	            (23,
[92mINFO [0m:      	             {'MNIST': 0.09120535315014422,
[92mINFO [0m:      	              'MNIST_M': 0.30780045517409843,
[92mINFO [0m:      	              'SVHN': 0.5159829951201876,
[92mINFO [0m:      	              'SynthDigits': 0.33093143448544043,
[92mINFO [0m:      	              'USPS': 0.0846920528759559}),
[92mINFO [0m:      	            (24,
[92mINFO [0m:      	             {'MNIST': 0.08058157708728686,
[92mINFO [0m:      	              'MNIST_M': 0.3217596292185287,
[92mINFO [0m:      	              'SVHN': 0.49126455824201304,
[92mINFO [0m:      	              'SynthDigits': 0.3103514557393889,
[92mINFO [0m:      	              'USPS': 0.08943472247725974}),
[92mINFO [0m:      	            (25,
[92mINFO [0m:      	             {'MNIST': 0.09127852269254315,
[92mINFO [0m:      	              'MNIST_M': 0.3256769153910379,
[92mINFO [0m:      	              'SVHN': 0.5103450594469905,
[92mINFO [0m:      	              'SynthDigits': 0.2717875516973436,
[92mINFO [0m:      	              'USPS': 0.08705278150349234}),
[92mINFO [0m:      	            (26,
[92mINFO [0m:      	             {'MNIST': 0.07173662004061043,
[92mINFO [0m:      	              'MNIST_M': 0.288337087413917,
[92mINFO [0m:      	              'SVHN': 0.4831656450405717,
[92mINFO [0m:      	              'SynthDigits': 0.25736055080778897,
[92mINFO [0m:      	              'USPS': 0.08274627981397013}),
[92mINFO [0m:      	            (27,
[92mINFO [0m:      	             {'MNIST': 0.06832525884965435,
[92mINFO [0m:      	              'MNIST_M': 0.26462357623192173,
[92mINFO [0m:      	              'SVHN': 0.44884479107956093,
[92mINFO [0m:      	              'SynthDigits': 0.2681341744028032,
[92mINFO [0m:      	              'USPS': 0.0784576627726589}),
[92mINFO [0m:      	            (28,
[92mINFO [0m:      	             {'MNIST': 0.07042854398605414,
[92mINFO [0m:      	              'MNIST_M': 0.2454833695665002,
[92mINFO [0m:      	              'SVHN': 0.4642217556635539,
[92mINFO [0m:      	              'SynthDigits': 0.24015944125130773,
[92mINFO [0m:      	              'USPS': 0.07108831552128929}),
[92mINFO [0m:      	            (29,
[92mINFO [0m:      	             {'MNIST': 0.06570062221726403,
[92mINFO [0m:      	              'MNIST_M': 0.2205443853357186,
[92mINFO [0m:      	              'SVHN': 0.4282356597638379,
[92mINFO [0m:      	              'SynthDigits': 0.2589445988026758,
[92mINFO [0m:      	              'USPS': 0.06830921563960146}),
[92mINFO [0m:      	            (30,
[92mINFO [0m:      	             {'MNIST': 0.05998164114619916,
[92mINFO [0m:      	              'MNIST_M': 0.26543058998261887,
[92mINFO [0m:      	              'SVHN': 0.4355464189623793,
[92mINFO [0m:      	              'SynthDigits': 0.2363287004797409,
[92mINFO [0m:      	              'USPS': 0.06906799101852812})],
[92mINFO [0m:      	 'min_client_accuracy': [(1, 0.2271505376344086),
[92mINFO [0m:      	                         (2, 0.34946236559139787),
[92mINFO [0m:      	                         (3, 0.46236559139784944),
[92mINFO [0m:      	                         (4, 0.5752688172043011),
[92mINFO [0m:      	                         (5, 0.5967741935483871),
[92mINFO [0m:      	                         (6, 0.635752688172043),
[92mINFO [0m:      	                         (7, 0.6478494623655914),
[92mINFO [0m:      	                         (8, 0.6881720430107527),
[92mINFO [0m:      	                         (9, 0.6868279569892473),
[92mINFO [0m:      	                         (10, 0.7016129032258065),
[92mINFO [0m:      	                         (11, 0.7096774193548387),
[92mINFO [0m:      	                         (12, 0.7473118279569892),
[92mINFO [0m:      	                         (13, 0.728494623655914),
[92mINFO [0m:      	                         (14, 0.7674731182795699),
[92mINFO [0m:      	                         (15, 0.7701612903225806),
[92mINFO [0m:      	                         (16, 0.7768817204301075),
[92mINFO [0m:      	                         (17, 0.7473118279569892),
[92mINFO [0m:      	                         (18, 0.7862903225806451),
[92mINFO [0m:      	                         (19, 0.782258064516129),
[92mINFO [0m:      	                         (20, 0.7997311827956989),
[92mINFO [0m:      	                         (21, 0.7997311827956989),
[92mINFO [0m:      	                         (22, 0.8024193548387096),
[92mINFO [0m:      	                         (23, 0.8172043010752689),
[92mINFO [0m:      	                         (24, 0.8145161290322581),
[92mINFO [0m:      	                         (25, 0.8293010752688172),
[92mINFO [0m:      	                         (26, 0.8131720430107527),
[92mINFO [0m:      	                         (27, 0.8239247311827957),
[92mINFO [0m:      	                         (28, 0.8145161290322581),
[92mINFO [0m:      	                         (29, 0.8306451612903226),
[92mINFO [0m:      	                         (30, 0.8104838709677419)],
[92mINFO [0m:      	 'num_clients_reported': [(1, 20),
[92mINFO [0m:      	                          (2, 20),
[92mINFO [0m:      	                          (3, 20),
[92mINFO [0m:      	                          (4, 20),
[92mINFO [0m:      	                          (5, 20),
[92mINFO [0m:      	                          (6, 20),
[92mINFO [0m:      	                          (7, 20),
[92mINFO [0m:      	                          (8, 20),
[92mINFO [0m:      	                          (9, 20),
[92mINFO [0m:      	                          (10, 20),
[92mINFO [0m:      	                          (11, 20),
[92mINFO [0m:      	                          (12, 20),
[92mINFO [0m:      	                          (13, 20),
[92mINFO [0m:      	                          (14, 20),
[92mINFO [0m:      	                          (15, 20),
[92mINFO [0m:      	                          (16, 20),
[92mINFO [0m:      	                          (17, 20),
[92mINFO [0m:      	                          (18, 20),
[92mINFO [0m:      	                          (19, 20),
[92mINFO [0m:      	                          (20, 20),
[92mINFO [0m:      	                          (21, 20),
[92mINFO [0m:      	                          (22, 20),
[92mINFO [0m:      	                          (23, 20),
[92mINFO [0m:      	                          (24, 20),
[92mINFO [0m:      	                          (25, 20),
[92mINFO [0m:      	                          (26, 20),
[92mINFO [0m:      	                          (27, 20),
[92mINFO [0m:      	                          (28, 20),
[92mINFO [0m:      	                          (29, 20),
[92mINFO [0m:      	                          (30, 20)],
[92mINFO [0m:      	 'overall_accuracy': [(1, 0.5139935997626593),
[92mINFO [0m:      	                      (2, 0.6529802348803889),
[92mINFO [0m:      	                      (3, 0.7308425230466432),
[92mINFO [0m:      	                      (4, 0.7772188273346937),
[92mINFO [0m:      	                      (5, 0.8072138344983285),
[92mINFO [0m:      	                      (6, 0.8226381713194113),
[92mINFO [0m:      	                      (7, 0.8335699503610762),
[92mINFO [0m:      	                      (8, 0.8488597881300742),
[92mINFO [0m:      	                      (9, 0.8536389817508213),
[92mINFO [0m:      	                      (10, 0.8620428660327936),
[92mINFO [0m:      	                      (11, 0.8697883652440701),
[92mINFO [0m:      	                      (12, 0.8800023336083012),
[92mINFO [0m:      	                      (13, 0.8832059798260466),
[92mINFO [0m:      	                      (14, 0.893376260872082),
[92mINFO [0m:      	                      (15, 0.8983624039421699),
[92mINFO [0m:      	                      (16, 0.9040491722022027),
[92mINFO [0m:      	                      (17, 0.901778155255503),
[92mINFO [0m:      	                      (18, 0.9071721370786842),
[92mINFO [0m:      	                      (19, 0.9169877639329079),
[92mINFO [0m:      	                      (20, 0.9237470875121203),
[92mINFO [0m:      	                      (21, 0.9236830489587403),
[92mINFO [0m:      	                      (22, 0.9271350706956685),
[92mINFO [0m:      	                      (23, 0.9318376532221885),
[92mINFO [0m:      	                      (24, 0.9324515369252812),
[92mINFO [0m:      	                      (25, 0.9297383102505101),
[92mINFO [0m:      	                      (26, 0.938673587895628),
[92mINFO [0m:      	                      (27, 0.9435929789143114),
[92mINFO [0m:      	                      (28, 0.9448013900345881),
[92mINFO [0m:      	                      (29, 0.9493195451453712),
[92mINFO [0m:      	                      (30, 0.9459466671008264)],
[92mINFO [0m:      	 'pre_train_accuracies': [(1,
[92mINFO [0m:      	                           {'MNIST': 0.09714187253071678,
[92mINFO [0m:      	                            'MNIST_M': 0.09478972199308237,
[92mINFO [0m:      	                            'SVHN': 0.07025110710719402,
[92mINFO [0m:      	                            'SynthDigits': 0.10786290322580644,
[92mINFO [0m:      	                            'USPS': 0.16504399484797178}),
[92mINFO [0m:      	                          (2,
[92mINFO [0m:      	                           {'MNIST': 0.712946732224779,
[92mINFO [0m:      	                            'MNIST_M': 0.3300771357038452,
[92mINFO [0m:      	                            'SVHN': 0.19900251812616676,
[92mINFO [0m:      	                            'SynthDigits': 0.20974751805380684,
[92mINFO [0m:      	                            'USPS': 0.5393145161290323}),
[92mINFO [0m:      	                          (3,
[92mINFO [0m:      	                           {'MNIST': 0.8928091397849461,
[92mINFO [0m:      	                            'MNIST_M': 0.5606692933327544,
[92mINFO [0m:      	                            'SVHN': 0.30094999565840314,
[92mINFO [0m:      	                            'SynthDigits': 0.5033602150537635,
[92mINFO [0m:      	                            'USPS': 0.8215146926873037}),
[92mINFO [0m:      	                          (4,
[92mINFO [0m:      	                           {'MNIST': 0.9129401293795857,
[92mINFO [0m:      	                            'MNIST_M': 0.6331454688200987,
[92mINFO [0m:      	                            'SVHN': 0.35765441612758503,
[92mINFO [0m:      	                            'SynthDigits': 0.6205833297153359,
[92mINFO [0m:      	                            'USPS': 0.8689063879361495}),
[92mINFO [0m:      	                          (5,
[92mINFO [0m:      	                           {'MNIST': 0.9314267391713337,
[92mINFO [0m:      	                            'MNIST_M': 0.707793799476114,
[92mINFO [0m:      	                            'SVHN': 0.4742868927191421,
[92mINFO [0m:      	                            'SynthDigits': 0.7231797855251161,
[92mINFO [0m:      	                            'USPS': 0.8910942090334159}),
[92mINFO [0m:      	                          (6,
[92mINFO [0m:      	                           {'MNIST': 0.9448780011288153,
[92mINFO [0m:      	                            'MNIST_M': 0.7350269179004038,
[92mINFO [0m:      	                            'SVHN': 0.578148743107715,
[92mINFO [0m:      	                            'SynthDigits': 0.7744531396981142,
[92mINFO [0m:      	                            'USPS': 0.9159670364259974}),
[92mINFO [0m:      	                          (7,
[92mINFO [0m:      	                           {'MNIST': 0.9489116159423436,
[92mINFO [0m:      	                            'MNIST_M': 0.7596659322132013,
[92mINFO [0m:      	                            'SVHN': 0.6125672043010753,
[92mINFO [0m:      	                            'SynthDigits': 0.8067297464507446,
[92mINFO [0m:      	                            'USPS': 0.9270620775988075}),
[92mINFO [0m:      	                          (8,
[92mINFO [0m:      	                           {'MNIST': 0.9519303824946816,
[92mINFO [0m:      	                            'MNIST_M': 0.7760545557822834,
[92mINFO [0m:      	                            'SVHN': 0.6178114914832342,
[92mINFO [0m:      	                            'SynthDigits': 0.8272338420237629,
[92mINFO [0m:      	                            'USPS': 0.9277354773585724}),
[92mINFO [0m:      	                          (9,
[92mINFO [0m:      	                           {'MNIST': 0.9613326531498285,
[92mINFO [0m:      	                            'MNIST_M': 0.8141118178265967,
[92mINFO [0m:      	                            'SVHN': 0.6244089096803137,
[92mINFO [0m:      	                            'SynthDigits': 0.8131720430107526,
[92mINFO [0m:      	                            'USPS': 0.9274193548387096}),
[92mINFO [0m:      	                          (10,
[92mINFO [0m:      	                           {'MNIST': 0.9610111036339166,
[92mINFO [0m:      	                            'MNIST_M': 0.8059781074979377,
[92mINFO [0m:      	                            'SVHN': 0.673275843355186,
[92mINFO [0m:      	                            'SynthDigits': 0.8571497054950142,
[92mINFO [0m:      	                            'USPS': 0.944220430107527}),
[92mINFO [0m:      	                          (11,
[92mINFO [0m:      	                           {'MNIST': 0.9670698924731184,
[92mINFO [0m:      	                            'MNIST_M': 0.8278384998335722,
[92mINFO [0m:      	                            'SVHN': 0.693212365591398,
[92mINFO [0m:      	                            'SynthDigits': 0.8551204612223042,
[92mINFO [0m:      	                            'USPS': 0.9563022800619402}),
[92mINFO [0m:      	                          (12,
[92mINFO [0m:      	                           {'MNIST': 0.9633736559139784,
[92mINFO [0m:      	                            'MNIST_M': 0.8459958718650054,
[92mINFO [0m:      	                            'SVHN': 0.6967987054805423,
[92mINFO [0m:      	                            'SynthDigits': 0.8686155913978495,
[92mINFO [0m:      	                            'USPS': 0.9586693548387096}),
[92mINFO [0m:      	                          (13,
[92mINFO [0m:      	                           {'MNIST': 0.9704188012851126,
[92mINFO [0m:      	                            'MNIST_M': 0.8722340410136181,
[92mINFO [0m:      	                            'SVHN': 0.6970383978060465,
[92mINFO [0m:      	                            'SynthDigits': 0.868578506924847,
[92mINFO [0m:      	                            'USPS': 0.9542856987800113}),
[92mINFO [0m:      	                          (14,
[92mINFO [0m:      	                           {'MNIST': 0.9731006418327327,
[92mINFO [0m:      	                            'MNIST_M': 0.8742429340511441,
[92mINFO [0m:      	                            'SVHN': 0.7345430107526881,
[92mINFO [0m:      	                            'SynthDigits': 0.892743111333015,
[92mINFO [0m:      	                            'USPS': 0.9563045413102941}),
[92mINFO [0m:      	                          (15,
[92mINFO [0m:      	                           {'MNIST': 0.9731019985817451,
[92mINFO [0m:      	                            'MNIST_M': 0.8759732412914804,
[92mINFO [0m:      	                            'SVHN': 0.7580645161290324,
[92mINFO [0m:      	                            'SynthDigits': 0.8897243447806771,
[92mINFO [0m:      	                            'USPS': 0.9603381561238225}),
[92mINFO [0m:      	                          (16,
[92mINFO [0m:      	                           {'MNIST': 0.9761289056281567,
[92mINFO [0m:      	                            'MNIST_M': 0.9028273744916714,
[92mINFO [0m:      	                            'SVHN': 0.7484795366068974,
[92mINFO [0m:      	                            'SynthDigits': 0.908241707550037,
[92mINFO [0m:      	                            'USPS': 0.9579846488371757}),
[92mINFO [0m:      	                          (17,
[92mINFO [0m:      	                           {'MNIST': 0.9734543010752689,
[92mINFO [0m:      	                            'MNIST_M': 0.8826868876539457,
[92mINFO [0m:      	                            'SVHN': 0.7633562895266213,
[92mINFO [0m:      	                            'SynthDigits': 0.9001360367009653,
[92mINFO [0m:      	                            'USPS': 0.9626912111607983}),
[92mINFO [0m:      	                          (18,
[92mINFO [0m:      	                           {'MNIST': 0.9798328304316994,
[92mINFO [0m:      	                            'MNIST_M': 0.8843683519298398,
[92mINFO [0m:      	                            'SVHN': 0.7859543010752689,
[92mINFO [0m:      	                            'SynthDigits': 0.8998276024255055,
[92mINFO [0m:      	                            'USPS': 0.963709677419355}),
[92mINFO [0m:      	                          (19,
[92mINFO [0m:      	                           {'MNIST': 0.9788234091665582,
[92mINFO [0m:      	                            'MNIST_M': 0.9068980737782023,
[92mINFO [0m:      	                            'SVHN': 0.7785618279569894,
[92mINFO [0m:      	                            'SynthDigits': 0.9136044841459355,
[92mINFO [0m:      	                            'USPS': 0.963709677419355}),
[92mINFO [0m:      	                          (20,
[92mINFO [0m:      	                           {'MNIST': 0.978494623655914,
[92mINFO [0m:      	                            'MNIST_M': 0.8977820771646478,
[92mINFO [0m:      	                            'SVHN': 0.7838621940983227,
[92mINFO [0m:      	                            'SynthDigits': 0.9290257456692571,
[92mINFO [0m:      	                            'USPS': 0.971093105544219}),
[92mINFO [0m:      	                          (21,
[92mINFO [0m:      	                           {'MNIST': 0.9798269511859795,
[92mINFO [0m:      	                            'MNIST_M': 0.9220240162665162,
[92mINFO [0m:      	                            'SVHN': 0.7770639770474248,
[92mINFO [0m:      	                            'SynthDigits': 0.9334333709605062,
[92mINFO [0m:      	                            'USPS': 0.9627016129032259}),
[92mINFO [0m:      	                          (22,
[92mINFO [0m:      	                           {'MNIST': 0.9845321567605899,
[92mINFO [0m:      	                            'MNIST_M': 0.9270643388471612,
[92mINFO [0m:      	                            'SVHN': 0.810483870967742,
[92mINFO [0m:      	                            'SynthDigits': 0.9243625993140278,
[92mINFO [0m:      	                            'USPS': 0.9721007178106774}),
[92mINFO [0m:      	                          (23,
[92mINFO [0m:      	                           {'MNIST': 0.9781586021505376,
[92mINFO [0m:      	                            'MNIST_M': 0.9435167296198208,
[92mINFO [0m:      	                            'SVHN': 0.7731045311799013,
[92mINFO [0m:      	                            'SynthDigits': 0.9146505376344086,
[92mINFO [0m:      	                            'USPS': 0.9721011700603482}),
[92mINFO [0m:      	                          (24,
[92mINFO [0m:      	                           {'MNIST': 0.9794981656753355,
[92mINFO [0m:      	                            'MNIST_M': 0.9411844780676999,
[92mINFO [0m:      	                            'SVHN': 0.8074596774193549,
[92mINFO [0m:      	                            'SynthDigits': 0.9243797848015167,
[92mINFO [0m:      	                            'USPS': 0.9690860215053764}),
[92mINFO [0m:      	                          (25,
[92mINFO [0m:      	                           {'MNIST': 0.9842069892473119,
[92mINFO [0m:      	                            'MNIST_M': 0.9220077352783687,
[92mINFO [0m:      	                            'SVHN': 0.7965695053473999,
[92mINFO [0m:      	                            'SynthDigits': 0.9371341300163533,
[92mINFO [0m:      	                            'USPS': 0.9717741935483871}),
[92mINFO [0m:      	                          (26,
[92mINFO [0m:      	                           {'MNIST': 0.9835317804888638,
[92mINFO [0m:      	                            'MNIST_M': 0.9468968436590979,
[92mINFO [0m:      	                            'SVHN': 0.8043061404651297,
[92mINFO [0m:      	                            'SynthDigits': 0.944159376401974,
[92mINFO [0m:      	                            'USPS': 0.9757987633685002}),
[92mINFO [0m:      	                          (27,
[92mINFO [0m:      	                           {'MNIST': 0.9878959898117193,
[92mINFO [0m:      	                            'MNIST_M': 0.954615388789997,
[92mINFO [0m:      	                            'SVHN': 0.8245388862356909,
[92mINFO [0m:      	                            'SynthDigits': 0.9378106955238138,
[92mINFO [0m:      	                            'USPS': 0.9751267203577476}),
[92mINFO [0m:      	                          (28,
[92mINFO [0m:      	                           {'MNIST': 0.9872284692976744,
[92mINFO [0m:      	                            'MNIST_M': 0.9569684438269729,
[92mINFO [0m:      	                            'SVHN': 0.8171477698664235,
[92mINFO [0m:      	                            'SynthDigits': 0.9445089653974731,
[92mINFO [0m:      	                            'USPS': 0.9711021505376344}),
[92mINFO [0m:      	                          (29,
[92mINFO [0m:      	                           {'MNIST': 0.9872275647983328,
[92mINFO [0m:      	                            'MNIST_M': 0.9596620428660328,
[92mINFO [0m:      	                            'SVHN': 0.821236559139785,
[92mINFO [0m:      	                            'SynthDigits': 0.9327685639444855,
[92mINFO [0m:      	                            'USPS': 0.9815124857089104}),
[92mINFO [0m:      	                          (30,
[92mINFO [0m:      	                           {'MNIST': 0.9889094813238976,
[92mINFO [0m:      	                            'MNIST_M': 0.9472088959319237,
[92mINFO [0m:      	                            'SVHN': 0.8359694966642063,
[92mINFO [0m:      	                            'SynthDigits': 0.9462257051476867,
[92mINFO [0m:      	                            'USPS': 0.9764712586289237})],
[92mINFO [0m:      	 'pre_train_losses': [(1,
[92mINFO [0m:      	                       {'MNIST': 2.3033150732517242,
[92mINFO [0m:      	                        'MNIST_M': 2.3033331284920373,
[92mINFO [0m:      	                        'SVHN': 2.3057304148872695,
[92mINFO [0m:      	                        'SynthDigits': 2.3020979215701423,
[92mINFO [0m:      	                        'USPS': 2.2993505919973054}),
[92mINFO [0m:      	                      (2,
[92mINFO [0m:      	                       {'MNIST': 1.8247654202083747,
[92mINFO [0m:      	                        'MNIST_M': 2.156744005779425,
[92mINFO [0m:      	                        'SVHN': 2.2552422980467477,
[92mINFO [0m:      	                        'SynthDigits': 2.211375297357639,
[92mINFO [0m:      	                        'USPS': 1.979457254211108}),
[92mINFO [0m:      	                      (3,
[92mINFO [0m:      	                       {'MNIST': 0.6170422866319617,
[92mINFO [0m:      	                        'MNIST_M': 1.609916303306818,
[92mINFO [0m:      	                        'SVHN': 2.0427637758354344,
[92mINFO [0m:      	                        'SynthDigits': 1.697379036496083,
[92mINFO [0m:      	                        'USPS': 0.9178858070323864}),
[92mINFO [0m:      	                      (4,
[92mINFO [0m:      	                       {'MNIST': 0.3613237754131357,
[92mINFO [0m:      	                        'MNIST_M': 1.3415264673531055,
[92mINFO [0m:      	                        'SVHN': 1.8528980587919552,
[92mINFO [0m:      	                        'SynthDigits': 1.3188801469902198,
[92mINFO [0m:      	                        'USPS': 0.5644594561308622}),
[92mINFO [0m:      	                      (5,
[92mINFO [0m:      	                       {'MNIST': 0.26428661347987753,
[92mINFO [0m:      	                        'MNIST_M': 1.1507188795755308,
[92mINFO [0m:      	                        'SVHN': 1.6474266462028027,
[92mINFO [0m:      	                        'SynthDigits': 1.0391203463077545,
[92mINFO [0m:      	                        'USPS': 0.44126641160498065}),
[92mINFO [0m:      	                      (6,
[92mINFO [0m:      	                       {'MNIST': 0.2263135634517918,
[92mINFO [0m:      	                        'MNIST_M': 1.0471635436018307,
[92mINFO [0m:      	                        'SVHN': 1.4763941404720147,
[92mINFO [0m:      	                        'SynthDigits': 0.8863304027666649,
[92mINFO [0m:      	                        'USPS': 0.32321102684363723}),
[92mINFO [0m:      	                      (7,
[92mINFO [0m:      	                       {'MNIST': 0.20274631046534827,
[92mINFO [0m:      	                        'MNIST_M': 0.9613415449857712,
[92mINFO [0m:      	                        'SVHN': 1.3868952592213948,
[92mINFO [0m:      	                        'SynthDigits': 0.7655893377959728,
[92mINFO [0m:      	                        'USPS': 0.28089210744171095}),
[92mINFO [0m:      	                      (8,
[92mINFO [0m:      	                       {'MNIST': 0.17319371349488696,
[92mINFO [0m:      	                        'MNIST_M': 0.8888950192679962,
[92mINFO [0m:      	                        'SVHN': 1.2940035226444404,
[92mINFO [0m:      	                        'SynthDigits': 0.6869761887937784,
[92mINFO [0m:      	                        'USPS': 0.2692210553990056}),
[92mINFO [0m:      	                      (9,
[92mINFO [0m:      	                       {'MNIST': 0.16266592304843167,
[92mINFO [0m:      	                        'MNIST_M': 0.7812084748099247,
[92mINFO [0m:      	                        'SVHN': 1.2399227768182755,
[92mINFO [0m:      	                        'SynthDigits': 0.6630476840461293,
[92mINFO [0m:      	                        'USPS': 0.24907999020069838}),
[92mINFO [0m:      	                      (10,
[92mINFO [0m:      	                       {'MNIST': 0.1503657684661448,
[92mINFO [0m:      	                        'MNIST_M': 0.7582394530375799,
[92mINFO [0m:      	                        'SVHN': 1.1253692402193944,
[92mINFO [0m:      	                        'SynthDigits': 0.546446673416843,
[92mINFO [0m:      	                        'USPS': 0.21774173989736786}),
[92mINFO [0m:      	                      (11,
[92mINFO [0m:      	                       {'MNIST': 0.13587292951221266,
[92mINFO [0m:      	                        'MNIST_M': 0.70840835912774,
[92mINFO [0m:      	                        'SVHN': 1.0725002239147823,
[92mINFO [0m:      	                        'SynthDigits': 0.5541890800620118,
[92mINFO [0m:      	                        'USPS': 0.18527967444000146}),
[92mINFO [0m:      	                      (12,
[92mINFO [0m:      	                       {'MNIST': 0.1299712843998956,
[92mINFO [0m:      	                        'MNIST_M': 0.6427222151930133,
[92mINFO [0m:      	                        'SVHN': 1.0409782553712528,
[92mINFO [0m:      	                        'SynthDigits': 0.496152950450778,
[92mINFO [0m:      	                        'USPS': 0.17877830390352756}),
[92mINFO [0m:      	                      (13,
[92mINFO [0m:      	                       {'MNIST': 0.11799398301324497,
[92mINFO [0m:      	                        'MNIST_M': 0.6050499863922596,
[92mINFO [0m:      	                        'SVHN': 1.012064341455698,
[92mINFO [0m:      	                        'SynthDigits': 0.4805379309691489,
[92mINFO [0m:      	                        'USPS': 0.17495904969594753}),
[92mINFO [0m:      	                      (14,
[92mINFO [0m:      	                       {'MNIST': 0.10525235956689964,
[92mINFO [0m:      	                        'MNIST_M': 0.576133377229174,
[92mINFO [0m:      	                        'SVHN': 0.9454127143447598,
[92mINFO [0m:      	                        'SynthDigits': 0.4162045812699944,
[92mINFO [0m:      	                        'USPS': 0.1609101319530358}),
[92mINFO [0m:      	                      (15,
[92mINFO [0m:      	                       {'MNIST': 0.10323370920862847,
[92mINFO [0m:      	                        'MNIST_M': 0.5531828397264084,
[92mINFO [0m:      	                        'SVHN': 0.8918871606389681,
[92mINFO [0m:      	                        'SynthDigits': 0.4121013378414015,
[92mINFO [0m:      	                        'USPS': 0.14652606043576574}),
[92mINFO [0m:      	                      (16,
[92mINFO [0m:      	                       {'MNIST': 0.09242872598891456,
[92mINFO [0m:      	                        'MNIST_M': 0.4911883094658454,
[92mINFO [0m:      	                        'SVHN': 0.8892834590127071,
[92mINFO [0m:      	                        'SynthDigits': 0.3741078292950988,
[92mINFO [0m:      	                        'USPS': 0.15803977391139293}),
[92mINFO [0m:      	                      (17,
[92mINFO [0m:      	                       {'MNIST': 0.0997140021645464,
[92mINFO [0m:      	                        'MNIST_M': 0.495626393550386,
[92mINFO [0m:      	                        'SVHN': 0.8447546263535818,
[92mINFO [0m:      	                        'SynthDigits': 0.39342809150305885,
[92mINFO [0m:      	                        'USPS': 0.1400309910144036}),
[92mINFO [0m:      	                      (18,
[92mINFO [0m:      	                       {'MNIST': 0.08620076686687146,
[92mINFO [0m:      	                        'MNIST_M': 0.47719788815205294,
[92mINFO [0m:      	                        'SVHN': 0.8014751331259807,
[92mINFO [0m:      	                        'SynthDigits': 0.3952008335230251,
[92mINFO [0m:      	                        'USPS': 0.13608201540773734}),
[92mINFO [0m:      	                      (19,
[92mINFO [0m:      	                       {'MNIST': 0.09011314976184319,
[92mINFO [0m:      	                        'MNIST_M': 0.4485295705186824,
[92mINFO [0m:      	                        'SVHN': 0.7963888080169758,
[92mINFO [0m:      	                        'SynthDigits': 0.3441375398542732,
[92mINFO [0m:      	                        'USPS': 0.12496412285448362}),
[92mINFO [0m:      	                      (20,
[92mINFO [0m:      	                       {'MNIST': 0.09325398045863646,
[92mINFO [0m:      	                        'MNIST_M': 0.4469247631107767,
[92mINFO [0m:      	                        'SVHN': 0.7766421235476931,
[92mINFO [0m:      	                        'SynthDigits': 0.3051795113521318,
[92mINFO [0m:      	                        'USPS': 0.11041538434801623}),
[92mINFO [0m:      	                      (21,
[92mINFO [0m:      	                       {'MNIST': 0.0780689959647134,
[92mINFO [0m:      	                        'MNIST_M': 0.39474035271753866,
[92mINFO [0m:      	                        'SVHN': 0.7611502225821217,
[92mINFO [0m:      	                        'SynthDigits': 0.2823881666796903,
[92mINFO [0m:      	                        'USPS': 0.13231204834301025}),
[92mINFO [0m:      	                      (22,
[92mINFO [0m:      	                       {'MNIST': 0.07198186428286135,
[92mINFO [0m:      	                        'MNIST_M': 0.37904479331336915,
[92mINFO [0m:      	                        'SVHN': 0.7249836272870501,
[92mINFO [0m:      	                        'SynthDigits': 0.3004777575066934,
[92mINFO [0m:      	                        'USPS': 0.1205608401990806}),
[92mINFO [0m:      	                      (23,
[92mINFO [0m:      	                       {'MNIST': 0.07833539617907566,
[92mINFO [0m:      	                        'MNIST_M': 0.3340955178719014,
[92mINFO [0m:      	                        'SVHN': 0.7467400285725793,
[92mINFO [0m:      	                        'SynthDigits': 0.3212216114625335,
[92mINFO [0m:      	                        'USPS': 0.11668784509917411}),
[92mINFO [0m:      	                      (24,
[92mINFO [0m:      	                       {'MNIST': 0.07435915454213197,
[92mINFO [0m:      	                        'MNIST_M': 0.3326450584766765,
[92mINFO [0m:      	                        'SVHN': 0.6878062877804041,
[92mINFO [0m:      	                        'SynthDigits': 0.29310555197298527,
[92mINFO [0m:      	                        'USPS': 0.11964808451981905}),
[92mINFO [0m:      	                      (25,
[92mINFO [0m:      	                       {'MNIST': 0.06741158472141251,
[92mINFO [0m:      	                        'MNIST_M': 0.3554711933247745,
[92mINFO [0m:      	                        'SVHN': 0.7068074578419328,
[92mINFO [0m:      	                        'SynthDigits': 0.255801305330048,
[92mINFO [0m:      	                        'USPS': 0.10749844962265342}),
[92mINFO [0m:      	                      (26,
[92mINFO [0m:      	                       {'MNIST': 0.06570881700220828,
[92mINFO [0m:      	                        'MNIST_M': 0.31216689400995773,
[92mINFO [0m:      	                        'SVHN': 0.6710574757307768,
[92mINFO [0m:      	                        'SynthDigits': 0.23587673828781894,
[92mINFO [0m:      	                        'USPS': 0.10029934071159612}),
[92mINFO [0m:      	                      (27,
[92mINFO [0m:      	                       {'MNIST': 0.060994116259583585,
[92mINFO [0m:      	                        'MNIST_M': 0.28433883283287287,
[92mINFO [0m:      	                        'SVHN': 0.6327021691637734,
[92mINFO [0m:      	                        'SynthDigits': 0.24947029553974667,
[92mINFO [0m:      	                        'USPS': 0.09524818069379155}),
[92mINFO [0m:      	                      (28,
[92mINFO [0m:      	                       {'MNIST': 0.0625766182007889,
[92mINFO [0m:      	                        'MNIST_M': 0.28256365346411866,
[92mINFO [0m:      	                        'SVHN': 0.6458664719636241,
[92mINFO [0m:      	                        'SynthDigits': 0.23534375561090806,
[92mINFO [0m:      	                        'USPS': 0.10002049413742498}),
[92mINFO [0m:      	                      (29,
[92mINFO [0m:      	                       {'MNIST': 0.059075060931112,
[92mINFO [0m:      	                        'MNIST_M': 0.2675607525743544,
[92mINFO [0m:      	                        'SVHN': 0.6365873996789256,
[92mINFO [0m:      	                        'SynthDigits': 0.2557037388129781,
[92mINFO [0m:      	                        'USPS': 0.08047897355815319}),
[92mINFO [0m:      	                      (30,
[92mINFO [0m:      	                       {'MNIST': 0.06255490063146378,
[92mINFO [0m:      	                        'MNIST_M': 0.2820598231628537,
[92mINFO [0m:      	                        'SVHN': 0.6208276767283678,
[92mINFO [0m:      	                        'SynthDigits': 0.20494737879683575,
[92mINFO [0m:      	                        'USPS': 0.09086581129425515})]}
[92mINFO [0m:      	History (metrics, distributed, evaluate):
[92mINFO [0m:      	{'accuracy': [(5,
[92mINFO [0m:      	               {'MNIST': 0.9379285714285713,
[92mINFO [0m:      	                'MNIST_M': 0.7092857142857142,
[92mINFO [0m:      	                'SVHN': 0.5376170812770672,
[92mINFO [0m:      	                'SynthDigits': 0.7517972001513432,
[92mINFO [0m:      	                'USPS': 0.9069892473118281}),
[92mINFO [0m:      	              (10,
[92mINFO [0m:      	               {'MNIST': 0.9598571428571429,
[92mINFO [0m:      	                'MNIST_M': 0.7826428571428572,
[92mINFO [0m:      	                'SVHN': 0.6548997884983382,
[92mINFO [0m:      	                'SynthDigits': 0.8262314527921792,
[92mINFO [0m:      	                'USPS': 0.9478494623655914}),
[92mINFO [0m:      	              (15,
[92mINFO [0m:      	               {'MNIST': 0.9677857142857142,
[92mINFO [0m:      	                'MNIST_M': 0.8195714285714287,
[92mINFO [0m:      	                'SVHN': 0.7040991036358143,
[92mINFO [0m:      	                'SynthDigits': 0.8518268552320766,
[92mINFO [0m:      	                'USPS': 0.9478494623655914}),
[92mINFO [0m:      	              (20,
[92mINFO [0m:      	               {'MNIST': 0.9729285714285715,
[92mINFO [0m:      	                'MNIST_M': 0.8355714285714285,
[92mINFO [0m:      	                'SVHN': 0.7281700070500554,
[92mINFO [0m:      	                'SynthDigits': 0.8682291826446196,
[92mINFO [0m:      	                'USPS': 0.9553763440860215}),
[92mINFO [0m:      	              (25,
[92mINFO [0m:      	               {'MNIST': 0.9777857142857143,
[92mINFO [0m:      	                'MNIST_M': 0.844,
[92mINFO [0m:      	                'SVHN': 0.7397018833719408,
[92mINFO [0m:      	                'SynthDigits': 0.8777494861490323,
[92mINFO [0m:      	                'USPS': 0.9591397849462365}),
[92mINFO [0m:      	              (30,
[92mINFO [0m:      	               {'MNIST': 0.98,
[92mINFO [0m:      	                'MNIST_M': 0.8530714285714286,
[92mINFO [0m:      	                'SVHN': 0.7534998489273844,
[92mINFO [0m:      	                'SynthDigits': 0.8866766880387765,
[92mINFO [0m:      	                'USPS': 0.960752688172043})],
[92mINFO [0m:      	 'losses': [(5,
[92mINFO [0m:      	             {'MNIST': 0.2347179971907509,
[92mINFO [0m:      	              'MNIST_M': 1.1020323532084897,
[92mINFO [0m:      	              'SVHN': 1.5360361249358565,
[92mINFO [0m:      	              'SynthDigits': 0.9332445697634631,
[92mINFO [0m:      	              'USPS': 0.3564070117170528}),
[92mINFO [0m:      	            (10,
[92mINFO [0m:      	             {'MNIST': 0.1496291021778159,
[92mINFO [0m:      	              'MNIST_M': 0.8064300992853566,
[92mINFO [0m:      	              'SVHN': 1.1675913706301875,
[92mINFO [0m:      	              'SynthDigits': 0.613400854258091,
[92mINFO [0m:      	              'USPS': 0.20208483732352822}),
[92mINFO [0m:      	            (15,
[92mINFO [0m:      	             {'MNIST': 0.1194845940811415,
[92mINFO [0m:      	              'MNIST_M': 0.6491288802667295,
[92mINFO [0m:      	              'SVHN': 1.0026711551847474,
[92mINFO [0m:      	              'SynthDigits': 0.4991376773254331,
[92mINFO [0m:      	              'USPS': 0.18343732872251736}),
[92mINFO [0m:      	            (20,
[92mINFO [0m:      	             {'MNIST': 0.10559347366327293,
[92mINFO [0m:      	              'MNIST_M': 0.5711081589669942,
[92mINFO [0m:      	              'SVHN': 0.9020487598462957,
[92mINFO [0m:      	              'SynthDigits': 0.4398495542612024,
[92mINFO [0m:      	              'USPS': 0.15630734194133242}),
[92mINFO [0m:      	            (25,
[92mINFO [0m:      	             {'MNIST': 0.09352798286408662,
[92mINFO [0m:      	              'MNIST_M': 0.5269895180311377,
[92mINFO [0m:      	              'SVHN': 0.8487549645889209,
[92mINFO [0m:      	              'SynthDigits': 0.4023493334738762,
[92mINFO [0m:      	              'USPS': 0.13205320151301764}),
[92mINFO [0m:      	            (30,
[92mINFO [0m:      	             {'MNIST': 0.08285048436883787,
[92mINFO [0m:      	              'MNIST_M': 0.4891952902044608,
[92mINFO [0m:      	              'SVHN': 0.8072255034953499,
[92mINFO [0m:      	              'SynthDigits': 0.36921875027169265,
[92mINFO [0m:      	              'USPS': 0.12806672767057256})],
[92mINFO [0m:      	 'min_client_accuracy': [(5, 0.5376170812770672),
[92mINFO [0m:      	                         (10, 0.6548997884983382),
[92mINFO [0m:      	                         (15, 0.7040991036358143),
[92mINFO [0m:      	                         (20, 0.7281700070500554),
[92mINFO [0m:      	                         (25, 0.7397018833719408),
[92mINFO [0m:      	                         (30, 0.7534998489273844)],
[92mINFO [0m:      	 'num_clients_reported': [(5, 20),
[92mINFO [0m:      	                          (10, 20),
[92mINFO [0m:      	                          (15, 20),
[92mINFO [0m:      	                          (20, 20),
[92mINFO [0m:      	                          (25, 20),
[92mINFO [0m:      	                          (30, 20)],
[92mINFO [0m:      	 'overall_accuracy': [(5, 0.7385829735190413),
[92mINFO [0m:      	                      (10, 0.8132684749934818),
[92mINFO [0m:      	                      (15, 0.8411131742840557),
[92mINFO [0m:      	                      (20, 0.8573270079881),
[92mINFO [0m:      	                      (25, 0.8664979812260166),
[92mINFO [0m:      	                      (30, 0.8753636294767656)]}
[92mINFO [0m:      
### BEGIN: RUN CONFIG ####
{
    "algorithm-name": "FedAvg",
    "num-server-rounds": 30,
    "num-clients": 20,
    "local-epochs": 1,
    "to-include": "MNIST,SVHN,USPS,SynthDigits,MNIST_M",
    "batch-size": 32,
    "num-classes": 10,
    "percent": 0.1,
    "learning-rate": 0.01,
    "results-save-dir": "results/fedavg_full",
    "fraction-evaluate": 1.0,
    "fraction-fit": 1.0,
    "eval-every": 5
}
### END: RUN CONFIG ####
Using default filename
Results will be saved into: /home/suraf/fedbn-experiment/flower/baselines/fedbn/results/fedavg_full/FedAvg/history.pkl
